#
# There is insufficient memory for the Java Runtime Environment to continue.
# Native memory allocation (malloc) failed to allocate 2272496 bytes for Chunk::new
# Possible reasons:
#   The system is out of physical RAM or swap space
#   The process is running with CompressedOops enabled, and the Java Heap may be blocking the growth of the native heap
# Possible solutions:
#   Reduce memory load on the system
#   Increase physical memory or swap space
#   Check if swap backing store is full
#   Decrease Java heap size (-Xmx/-Xms)
#   Decrease number of Java threads
#   Decrease Java thread stack sizes (-Xss)
#   Set larger code cache with -XX:ReservedCodeCacheSize=
#   JVM is running with Unscaled Compressed Oops mode in which the Java heap is
#     placed in the first 4GB address space. The Java Heap base address is the
#     maximum limit for the native heap growth. Please use -XX:HeapBaseMinAddress
#     to set the Java Heap base and to place the Java Heap above 4GB virtual address.
# This output file may be truncated or incomplete.
#
#  Out of Memory Error (./src/hotspot/share/memory/arena.cpp:197), pid=2172, tid=19812
#
# JRE version: OpenJDK Runtime Environment (11.0.13) (build 11.0.13+0-b1751.21-8125866)
# Java VM: OpenJDK 64-Bit Server VM (11.0.13+0-b1751.21-8125866, mixed mode, tiered, compressed oops, g1 gc, windows-amd64)
# No core dump will be written. Minidumps are not enabled by default on client versions of Windows
#

---------------  S U M M A R Y ------------

Command Line: --add-opens=java.base/java.util=ALL-UNNAMED --add-opens=java.base/java.lang=ALL-UNNAMED --add-opens=java.base/java.lang.invoke=ALL-UNNAMED --add-opens=java.base/java.util=ALL-UNNAMED --add-opens=java.prefs/java.util.prefs=ALL-UNNAMED --add-opens=java.prefs/java.util.prefs=ALL-UNNAMED --add-opens=java.base/java.nio.charset=ALL-UNNAMED --add-opens=java.base/java.net=ALL-UNNAMED --add-opens=java.base/java.util.concurrent.atomic=ALL-UNNAMED -Xmx2048m -Dfile.encoding=UTF-8 -Duser.country=US -Duser.language=en -Duser.variant org.gradle.launcher.daemon.bootstrap.GradleDaemon 7.5.1

Host: Intel(R) Core(TM) i7-8565U CPU @ 1.80GHz, 8 cores, 15G,  Windows 10 , 64 bit Build 19041 (10.0.19041.1889)
Time: Mon Sep 26 12:35:27 2022 SE Asia Standard Time elapsed time: 43.130515 seconds (0d 0h 0m 43s)

---------------  T H R E A D  ---------------

Current thread (0x0000023d42754800):  JavaThread "C2 CompilerThread1" daemon [_thread_in_native, id=19812, stack(0x0000004092b00000,0x0000004092c00000)]


Current CompileTask:
C2:  43130 6507   !   4       com.google.common.reflect.TypeVisitor::visit (244 bytes)

Stack: [0x0000004092b00000,0x0000004092c00000]
Native frames: (J=compiled Java code, j=interpreted, Vv=VM code, C=native code)
V  [jvm.dll+0x6100fa]
V  [jvm.dll+0x747090]
V  [jvm.dll+0x7486ad]
V  [jvm.dll+0x748d83]
V  [jvm.dll+0x24ab48]
V  [jvm.dll+0xc04dc]
V  [jvm.dll+0xc0a0c]
V  [jvm.dll+0x35eb9d]
V  [jvm.dll+0x32b833]
V  [jvm.dll+0x32ad2a]
V  [jvm.dll+0x2032b2]
V  [jvm.dll+0x202437]
V  [jvm.dll+0x188e01]
V  [jvm.dll+0x21106b]
V  [jvm.dll+0x20f8c1]
V  [jvm.dll+0x70de0f]
V  [jvm.dll+0x706a75]
V  [jvm.dll+0x60ed66]
C  [ucrtbase.dll+0x21bb2]
C  [KERNEL32.DLL+0x17034]
C  [ntdll.dll+0x526a1]


---------------  P R O C E S S  ---------------

Threads class SMR info:
_java_thread_list=0x0000023d41d41450, length=123, elements={
0x0000023d235ad800, 0x0000023d3eaa9800, 0x0000023d3eaae800, 0x0000023d3eb12000,
0x0000023d3eb13000, 0x0000023d3eb15000, 0x0000023d3eb20000, 0x0000023d3eb24800,
0x0000023d3eb2a000, 0x0000023d3ec83800, 0x0000023d3ff45000, 0x0000023d40717800,
0x0000023d41e0a000, 0x0000023d40c28800, 0x0000023d410ec000, 0x0000023d40a17800,
0x0000023d3fd65800, 0x0000023d41435800, 0x0000023d41d60800, 0x0000023d400b1000,
0x0000023d4048b000, 0x0000023d41e36000, 0x0000023d3f410800, 0x0000023d3f40c800,
0x0000023d3f40d800, 0x0000023d3f410000, 0x0000023d3f40e000, 0x0000023d3f40f000,
0x0000023d3f411800, 0x0000023d3f40b800, 0x0000023d3f412000, 0x0000023d40ad3800,
0x0000023d40ad6000, 0x0000023d40ad0000, 0x0000023d40ad7800, 0x0000023d40adb800,
0x0000023d40ad8800, 0x0000023d40ad6800, 0x0000023d40adb000, 0x0000023d40ad9000,
0x0000023d40ada000, 0x0000023d3ee4b000, 0x0000023d3ee46000, 0x0000023d3ee47000,
0x0000023d3ee45000, 0x0000023d3ee47800, 0x0000023d3ee48800, 0x0000023d3ee49000,
0x0000023d3ee4e000, 0x0000023d3ee4d800, 0x0000023d3ee4b800, 0x0000023d3ee4c800,
0x0000023d3ee4f000, 0x0000023d3ee4f800, 0x0000023d3ee4a000, 0x0000023d3ee50800,
0x0000023d3ee51800, 0x0000023d3ee52000, 0x0000023d3ee53000, 0x0000023d3ee54000,
0x0000023d3efc8800, 0x0000023d3efca000, 0x0000023d3efcf000, 0x0000023d3efcc800,
0x0000023d3efcd000, 0x0000023d3efce000, 0x0000023d3efc9000, 0x0000023d3efcf800,
0x0000023d3efcb800, 0x0000023d3efd0800, 0x0000023d3efca800, 0x0000023d3efd5800,
0x0000023d3efd3000, 0x0000023d3efd6000, 0x0000023d3efd4800, 0x0000023d3efd7000,
0x0000023d3efd2000, 0x0000023d3efd1800, 0x0000023d3efd3800, 0x0000023d4116e000,
0x0000023d4116b800, 0x0000023d4116b000, 0x0000023d4116a000, 0x0000023d41171800,
0x0000023d4116f000, 0x0000023d4116f800, 0x0000023d41172000, 0x0000023d4116c800,
0x0000023d41173000, 0x0000023d41170800, 0x0000023d4116d800, 0x0000023d41174000,
0x0000023d41178800, 0x0000023d41175800, 0x0000023d41174800, 0x0000023d41177000,
0x0000023d41176800, 0x0000023d41178000, 0x0000023d44a9c800, 0x0000023d44a9b800,
0x0000023d44a99000, 0x0000023d44a9a000, 0x0000023d44a9a800, 0x0000023d44a9d000,
0x0000023d44a9e000, 0x0000023d44a98800, 0x0000023d44a9f000, 0x0000023d44aa1800,
0x0000023d44aa2000, 0x0000023d44aa3000, 0x0000023d44aa4800, 0x0000023d44aa5800,
0x0000023d44a9f800, 0x0000023d44aa6000, 0x0000023d44aa3800, 0x0000023d44aa0800,
0x0000023d44aa7000, 0x0000023d44a78800, 0x0000023d44a77800, 0x0000023d44a79000,
0x0000023d44a7b000, 0x0000023d42754800, 0x0000023d42068000
}

Java Threads: ( => current thread )
  0x0000023d235ad800 JavaThread "main" [_thread_blocked, id=21068, stack(0x000000408a200000,0x000000408a300000)]
  0x0000023d3eaa9800 JavaThread "Reference Handler" daemon [_thread_blocked, id=6852, stack(0x000000408a900000,0x000000408aa00000)]
  0x0000023d3eaae800 JavaThread "Finalizer" daemon [_thread_blocked, id=19112, stack(0x000000408aa00000,0x000000408ab00000)]
  0x0000023d3eb12000 JavaThread "Signal Dispatcher" daemon [_thread_blocked, id=9040, stack(0x000000408ab00000,0x000000408ac00000)]
  0x0000023d3eb13000 JavaThread "Attach Listener" daemon [_thread_blocked, id=23156, stack(0x000000408ac00000,0x000000408ad00000)]
  0x0000023d3eb15000 JavaThread "Service Thread" daemon [_thread_blocked, id=13944, stack(0x000000408ad00000,0x000000408ae00000)]
  0x0000023d3eb20000 JavaThread "C2 CompilerThread0" daemon [_thread_in_native, id=10036, stack(0x000000408ae00000,0x000000408af00000)]
  0x0000023d3eb24800 JavaThread "C1 CompilerThread0" daemon [_thread_in_vm, id=14352, stack(0x000000408af00000,0x000000408b000000)]
  0x0000023d3eb2a000 JavaThread "Sweeper thread" daemon [_thread_blocked, id=20344, stack(0x000000408b000000,0x000000408b100000)]
  0x0000023d3ec83800 JavaThread "Common-Cleaner" daemon [_thread_blocked, id=19048, stack(0x000000408b100000,0x000000408b200000)]
  0x0000023d3ff45000 JavaThread "Daemon health stats" [_thread_blocked, id=10948, stack(0x000000408ba00000,0x000000408bb00000)]
  0x0000023d40717800 JavaThread "Incoming local TCP Connector on port 60128" [_thread_in_native, id=21692, stack(0x000000408b300000,0x000000408b400000)]
  0x0000023d41e0a000 JavaThread "Daemon periodic checks" [_thread_blocked, id=10708, stack(0x000000408b900000,0x000000408ba00000)]
  0x0000023d40c28800 JavaThread "Daemon" [_thread_blocked, id=8400, stack(0x000000408bb00000,0x000000408bc00000)]
  0x0000023d410ec000 JavaThread "Handler for socket connection from /127.0.0.1:60128 to /127.0.0.1:60130" [_thread_in_native, id=20996, stack(0x000000408bc00000,0x000000408bd00000)]
  0x0000023d40a17800 JavaThread "Cancel handler" [_thread_blocked, id=11136, stack(0x000000408bd00000,0x000000408be00000)]
  0x0000023d3fd65800 JavaThread "Daemon worker" [_thread_in_vm, id=21592, stack(0x000000408be00000,0x000000408bf00000)]
  0x0000023d41435800 JavaThread "Asynchronous log dispatcher for DefaultDaemonConnection: socket connection from /127.0.0.1:60128 to /127.0.0.1:60130" [_thread_blocked, id=16068, stack(0x000000408bf00000,0x000000408c000000)]
  0x0000023d41d60800 JavaThread "Stdin handler" [_thread_blocked, id=15972, stack(0x000000408c000000,0x000000408c100000)]
  0x0000023d400b1000 JavaThread "Daemon client event forwarder" [_thread_blocked, id=23408, stack(0x000000408c100000,0x000000408c200000)]
  0x0000023d4048b000 JavaThread "Cache worker for journal cache (C:\Users\JAFAR\.gradle\caches\journal-1)" [_thread_blocked, id=18336, stack(0x000000408c200000,0x000000408c300000)]
  0x0000023d41e36000 JavaThread "File lock request listener" [_thread_in_native, id=21188, stack(0x000000408c300000,0x000000408c400000)]
  0x0000023d3f410800 JavaThread "Cache worker for file hash cache (C:\Users\JAFAR\.gradle\caches\7.5.1\fileHashes)" [_thread_blocked, id=21448, stack(0x000000408c400000,0x000000408c500000)]
  0x0000023d3f40c800 JavaThread "File watcher server" daemon [_thread_in_native, id=19036, stack(0x000000408c900000,0x000000408ca00000)]
  0x0000023d3f40d800 JavaThread "File watcher consumer" daemon [_thread_blocked, id=20104, stack(0x000000408ca00000,0x000000408cb00000)]
  0x0000023d3f410000 JavaThread "Cache worker for checksums cache (C:\Users\JAFAR\AndroidStudioProjects\ApotekCemerlangFarma\.gradle\7.5.1\checksums)" [_thread_blocked, id=10004, stack(0x000000408cc00000,0x000000408cd00000)]
  0x0000023d3f40e000 JavaThread "Cache worker for cache directory md-rule (C:\Users\JAFAR\.gradle\caches\7.5.1\md-rule)" [_thread_blocked, id=2024, stack(0x000000408cd00000,0x000000408ce00000)]
  0x0000023d3f40f000 JavaThread "Cache worker for file content cache (C:\Users\JAFAR\.gradle\caches\7.5.1\fileContent)" [_thread_blocked, id=17956, stack(0x000000408ce00000,0x000000408cf00000)]
  0x0000023d3f411800 JavaThread "Cache worker for file hash cache (C:\Users\JAFAR\AndroidStudioProjects\ApotekCemerlangFarma\.gradle\7.5.1\fileHashes)" [_thread_blocked, id=15168, stack(0x000000408cb00000,0x000000408cc00000)]
  0x0000023d3f40b800 JavaThread "Cache worker for cache directory md-supplier (C:\Users\JAFAR\.gradle\caches\7.5.1\md-supplier)" [_thread_blocked, id=6664, stack(0x000000408cf00000,0x000000408d000000)]
  0x0000023d3f412000 JavaThread "Cache worker for execution history cache (C:\Users\JAFAR\.gradle\caches\7.5.1\executionHistory)" [_thread_blocked, id=4612, stack(0x000000408d000000,0x000000408d100000)]
  0x0000023d40ad3800 JavaThread "jar transforms" [_thread_blocked, id=9152, stack(0x000000408d200000,0x000000408d300000)]
  0x0000023d40ad6000 JavaThread "jar transforms Thread 2" [_thread_blocked, id=14688, stack(0x000000408d300000,0x000000408d400000)]
  0x0000023d40ad0000 JavaThread "Cache worker for dependencies-accessors (C:\Users\JAFAR\AndroidStudioProjects\ApotekCemerlangFarma\.gradle\7.5.1\dependencies-accessors)" [_thread_blocked, id=15932, stack(0x000000408d400000,0x000000408d500000)]
  0x0000023d40ad7800 JavaThread "jar transforms Thread 3" [_thread_blocked, id=19164, stack(0x000000408c800000,0x000000408c900000)]
  0x0000023d40adb800 JavaThread "Cache worker for Build Output Cleanup Cache (C:\Users\JAFAR\AndroidStudioProjects\ApotekCemerlangFarma\.gradle\buildOutputCleanup)" [_thread_blocked, id=17384, stack(0x000000408d100000,0x000000408d200000)]
  0x0000023d40ad8800 JavaThread "Unconstrained build operations" [_thread_blocked, id=296, stack(0x000000408d800000,0x000000408d900000)]
  0x0000023d40ad6800 JavaThread "Unconstrained build operations Thread 2" [_thread_blocked, id=17732, stack(0x000000408d900000,0x000000408da00000)]
  0x0000023d40adb000 JavaThread "Unconstrained build operations Thread 3" [_thread_blocked, id=13556, stack(0x000000408da00000,0x000000408db00000)]
  0x0000023d40ad9000 JavaThread "Unconstrained build operations Thread 4" [_thread_blocked, id=820, stack(0x000000408db00000,0x000000408dc00000)]
  0x0000023d40ada000 JavaThread "Unconstrained build operations Thread 5" [_thread_blocked, id=23440, stack(0x000000408dc00000,0x000000408dd00000)]
  0x0000023d3ee4b000 JavaThread "Unconstrained build operations Thread 6" [_thread_blocked, id=13612, stack(0x000000408dd00000,0x000000408de00000)]
  0x0000023d3ee46000 JavaThread "Unconstrained build operations Thread 7" [_thread_blocked, id=19556, stack(0x000000408de00000,0x000000408df00000)]
  0x0000023d3ee47000 JavaThread "Unconstrained build operations Thread 8" [_thread_blocked, id=22624, stack(0x000000408df00000,0x000000408e000000)]
  0x0000023d3ee45000 JavaThread "Unconstrained build operations Thread 9" [_thread_blocked, id=19136, stack(0x000000408e000000,0x000000408e100000)]
  0x0000023d3ee47800 JavaThread "Unconstrained build operations Thread 10" [_thread_blocked, id=21984, stack(0x000000408e100000,0x000000408e200000)]
  0x0000023d3ee48800 JavaThread "Unconstrained build operations Thread 11" [_thread_blocked, id=16192, stack(0x000000408e200000,0x000000408e300000)]
  0x0000023d3ee49000 JavaThread "Unconstrained build operations Thread 12" [_thread_blocked, id=944, stack(0x000000408e300000,0x000000408e400000)]
  0x0000023d3ee4e000 JavaThread "Unconstrained build operations Thread 13" [_thread_blocked, id=13992, stack(0x000000408e400000,0x000000408e500000)]
  0x0000023d3ee4d800 JavaThread "Unconstrained build operations Thread 14" [_thread_blocked, id=19240, stack(0x000000408e500000,0x000000408e600000)]
  0x0000023d3ee4b800 JavaThread "Unconstrained build operations Thread 15" [_thread_blocked, id=22516, stack(0x000000408e600000,0x000000408e700000)]
  0x0000023d3ee4c800 JavaThread "Unconstrained build operations Thread 16" [_thread_blocked, id=3544, stack(0x000000408d600000,0x000000408d700000)]
  0x0000023d3ee4f000 JavaThread "Unconstrained build operations Thread 17" [_thread_blocked, id=18280, stack(0x000000408e700000,0x000000408e800000)]
  0x0000023d3ee4f800 JavaThread "Unconstrained build operations Thread 18" [_thread_blocked, id=9100, stack(0x000000408e800000,0x000000408e900000)]
  0x0000023d3ee4a000 JavaThread "Unconstrained build operations Thread 19" [_thread_blocked, id=12448, stack(0x000000408e900000,0x000000408ea00000)]
  0x0000023d3ee50800 JavaThread "Unconstrained build operations Thread 20" [_thread_blocked, id=13116, stack(0x000000408ea00000,0x000000408eb00000)]
  0x0000023d3ee51800 JavaThread "Unconstrained build operations Thread 21" [_thread_blocked, id=22596, stack(0x000000408eb00000,0x000000408ec00000)]
  0x0000023d3ee52000 JavaThread "Unconstrained build operations Thread 22" [_thread_blocked, id=9616, stack(0x000000408ec00000,0x000000408ed00000)]
  0x0000023d3ee53000 JavaThread "Unconstrained build operations Thread 23" [_thread_blocked, id=16908, stack(0x000000408ed00000,0x000000408ee00000)]
  0x0000023d3ee54000 JavaThread "Unconstrained build operations Thread 24" [_thread_blocked, id=20792, stack(0x000000408ee00000,0x000000408ef00000)]
  0x0000023d3efc8800 JavaThread "Unconstrained build operations Thread 25" [_thread_blocked, id=4812, stack(0x000000408ef00000,0x000000408f000000)]
  0x0000023d3efca000 JavaThread "Unconstrained build operations Thread 26" [_thread_blocked, id=23488, stack(0x000000408f000000,0x000000408f100000)]
  0x0000023d3efcf000 JavaThread "Unconstrained build operations Thread 27" [_thread_blocked, id=21308, stack(0x000000408f100000,0x000000408f200000)]
  0x0000023d3efcc800 JavaThread "Unconstrained build operations Thread 28" [_thread_blocked, id=20760, stack(0x000000408f200000,0x000000408f300000)]
  0x0000023d3efcd000 JavaThread "Unconstrained build operations Thread 29" [_thread_blocked, id=17324, stack(0x000000408f300000,0x000000408f400000)]
  0x0000023d3efce000 JavaThread "Unconstrained build operations Thread 30" [_thread_blocked, id=20892, stack(0x000000408f400000,0x000000408f500000)]
  0x0000023d3efc9000 JavaThread "Unconstrained build operations Thread 31" [_thread_blocked, id=19536, stack(0x000000408f500000,0x000000408f600000)]
  0x0000023d3efcf800 JavaThread "Unconstrained build operations Thread 32" [_thread_blocked, id=18644, stack(0x000000408f600000,0x000000408f700000)]
  0x0000023d3efcb800 JavaThread "Unconstrained build operations Thread 33" [_thread_blocked, id=20316, stack(0x000000408f700000,0x000000408f800000)]
  0x0000023d3efd0800 JavaThread "Unconstrained build operations Thread 34" [_thread_blocked, id=18296, stack(0x000000408f800000,0x000000408f900000)]
  0x0000023d3efca800 JavaThread "Unconstrained build operations Thread 35" [_thread_blocked, id=7468, stack(0x000000408f900000,0x000000408fa00000)]
  0x0000023d3efd5800 JavaThread "Unconstrained build operations Thread 36" [_thread_blocked, id=11804, stack(0x000000408fa00000,0x000000408fb00000)]
  0x0000023d3efd3000 JavaThread "Unconstrained build operations Thread 37" [_thread_blocked, id=17764, stack(0x000000408fb00000,0x000000408fc00000)]
  0x0000023d3efd6000 JavaThread "Unconstrained build operations Thread 38" [_thread_blocked, id=21856, stack(0x000000408fc00000,0x000000408fd00000)]
  0x0000023d3efd4800 JavaThread "Unconstrained build operations Thread 39" [_thread_blocked, id=3772, stack(0x000000408fd00000,0x000000408fe00000)]
  0x0000023d3efd7000 JavaThread "Unconstrained build operations Thread 40" [_thread_blocked, id=23292, stack(0x000000408fe00000,0x000000408ff00000)]
  0x0000023d3efd2000 JavaThread "Unconstrained build operations Thread 41" [_thread_blocked, id=4912, stack(0x000000408ff00000,0x0000004090000000)]
  0x0000023d3efd1800 JavaThread "Unconstrained build operations Thread 42" [_thread_blocked, id=5480, stack(0x0000004090000000,0x0000004090100000)]
  0x0000023d3efd3800 JavaThread "Unconstrained build operations Thread 43" [_thread_blocked, id=20428, stack(0x0000004090100000,0x0000004090200000)]
  0x0000023d4116e000 JavaThread "Unconstrained build operations Thread 44" [_thread_blocked, id=22952, stack(0x0000004090200000,0x0000004090300000)]
  0x0000023d4116b800 JavaThread "Unconstrained build operations Thread 45" [_thread_blocked, id=11924, stack(0x0000004090300000,0x0000004090400000)]
  0x0000023d4116b000 JavaThread "Unconstrained build operations Thread 46" [_thread_blocked, id=23112, stack(0x0000004090400000,0x0000004090500000)]
  0x0000023d4116a000 JavaThread "Unconstrained build operations Thread 47" [_thread_blocked, id=20816, stack(0x0000004090500000,0x0000004090600000)]
  0x0000023d41171800 JavaThread "Unconstrained build operations Thread 48" [_thread_blocked, id=6532, stack(0x0000004090600000,0x0000004090700000)]
  0x0000023d4116f000 JavaThread "Unconstrained build operations Thread 49" [_thread_blocked, id=13104, stack(0x0000004090700000,0x0000004090800000)]
  0x0000023d4116f800 JavaThread "Unconstrained build operations Thread 50" [_thread_blocked, id=19380, stack(0x0000004090800000,0x0000004090900000)]
  0x0000023d41172000 JavaThread "Unconstrained build operations Thread 51" [_thread_blocked, id=15796, stack(0x0000004090900000,0x0000004090a00000)]
  0x0000023d4116c800 JavaThread "Unconstrained build operations Thread 52" [_thread_blocked, id=20660, stack(0x0000004090a00000,0x0000004090b00000)]
  0x0000023d41173000 JavaThread "Unconstrained build operations Thread 53" [_thread_blocked, id=22052, stack(0x0000004090b00000,0x0000004090c00000)]
  0x0000023d41170800 JavaThread "Unconstrained build operations Thread 54" [_thread_blocked, id=23048, stack(0x0000004090c00000,0x0000004090d00000)]
  0x0000023d4116d800 JavaThread "Unconstrained build operations Thread 55" [_thread_blocked, id=3340, stack(0x0000004090d00000,0x0000004090e00000)]
  0x0000023d41174000 JavaThread "Unconstrained build operations Thread 56" [_thread_blocked, id=19876, stack(0x0000004090e00000,0x0000004090f00000)]
  0x0000023d41178800 JavaThread "Unconstrained build operations Thread 57" [_thread_blocked, id=20656, stack(0x0000004090f00000,0x0000004091000000)]
  0x0000023d41175800 JavaThread "Unconstrained build operations Thread 58" [_thread_blocked, id=18168, stack(0x0000004091000000,0x0000004091100000)]
  0x0000023d41174800 JavaThread "Unconstrained build operations Thread 59" [_thread_blocked, id=3272, stack(0x0000004091100000,0x0000004091200000)]
  0x0000023d41177000 JavaThread "Unconstrained build operations Thread 60" [_thread_blocked, id=7576, stack(0x0000004091200000,0x0000004091300000)]
  0x0000023d41176800 JavaThread "Unconstrained build operations Thread 61" [_thread_blocked, id=3092, stack(0x0000004091300000,0x0000004091400000)]
  0x0000023d41178000 JavaThread "Unconstrained build operations Thread 62" [_thread_blocked, id=16824, stack(0x0000004091400000,0x0000004091500000)]
  0x0000023d44a9c800 JavaThread "Unconstrained build operations Thread 63" [_thread_blocked, id=20216, stack(0x0000004091500000,0x0000004091600000)]
  0x0000023d44a9b800 JavaThread "Unconstrained build operations Thread 64" [_thread_blocked, id=13244, stack(0x0000004091600000,0x0000004091700000)]
  0x0000023d44a99000 JavaThread "Unconstrained build operations Thread 65" [_thread_blocked, id=6932, stack(0x0000004091700000,0x0000004091800000)]
  0x0000023d44a9a000 JavaThread "Unconstrained build operations Thread 66" [_thread_blocked, id=5204, stack(0x0000004091800000,0x0000004091900000)]
  0x0000023d44a9a800 JavaThread "Unconstrained build operations Thread 67" [_thread_blocked, id=22256, stack(0x0000004091900000,0x0000004091a00000)]
  0x0000023d44a9d000 JavaThread "Unconstrained build operations Thread 68" [_thread_blocked, id=15344, stack(0x0000004091a00000,0x0000004091b00000)]
  0x0000023d44a9e000 JavaThread "Unconstrained build operations Thread 69" [_thread_blocked, id=22216, stack(0x0000004091b00000,0x0000004091c00000)]
  0x0000023d44a98800 JavaThread "Unconstrained build operations Thread 70" [_thread_blocked, id=1860, stack(0x0000004091c00000,0x0000004091d00000)]
  0x0000023d44a9f000 JavaThread "Unconstrained build operations Thread 71" [_thread_blocked, id=18676, stack(0x0000004091d00000,0x0000004091e00000)]
  0x0000023d44aa1800 JavaThread "Unconstrained build operations Thread 72" [_thread_blocked, id=18072, stack(0x0000004091e00000,0x0000004091f00000)]
  0x0000023d44aa2000 JavaThread "Unconstrained build operations Thread 73" [_thread_blocked, id=19672, stack(0x0000004091f00000,0x0000004092000000)]
  0x0000023d44aa3000 JavaThread "Unconstrained build operations Thread 74" [_thread_blocked, id=7304, stack(0x0000004092000000,0x0000004092100000)]
  0x0000023d44aa4800 JavaThread "Unconstrained build operations Thread 75" [_thread_blocked, id=16496, stack(0x0000004092100000,0x0000004092200000)]
  0x0000023d44aa5800 JavaThread "Unconstrained build operations Thread 76" [_thread_blocked, id=22844, stack(0x0000004092200000,0x0000004092300000)]
  0x0000023d44a9f800 JavaThread "Unconstrained build operations Thread 77" [_thread_blocked, id=5308, stack(0x0000004092300000,0x0000004092400000)]
  0x0000023d44aa6000 JavaThread "Unconstrained build operations Thread 78" [_thread_blocked, id=8128, stack(0x0000004092400000,0x0000004092500000)]
  0x0000023d44aa3800 JavaThread "Unconstrained build operations Thread 79" [_thread_blocked, id=12400, stack(0x0000004092500000,0x0000004092600000)]
  0x0000023d44aa0800 JavaThread "Unconstrained build operations Thread 80" [_thread_blocked, id=20712, stack(0x0000004092600000,0x0000004092700000)]
  0x0000023d44aa7000 JavaThread "jar transforms Thread 4" [_thread_blocked, id=10600, stack(0x000000408d500000,0x000000408d600000)]
  0x0000023d44a78800 JavaThread "jar transforms Thread 5" [_thread_blocked, id=21228, stack(0x0000004092700000,0x0000004092800000)]
  0x0000023d44a77800 JavaThread "jar transforms Thread 6" [_thread_blocked, id=13904, stack(0x0000004092800000,0x0000004092900000)]
  0x0000023d44a79000 JavaThread "jar transforms Thread 7" [_thread_blocked, id=4140, stack(0x0000004092900000,0x0000004092a00000)]
  0x0000023d44a7b000 JavaThread "jar transforms Thread 8" [_thread_blocked, id=17044, stack(0x0000004092a00000,0x0000004092b00000)]
=>0x0000023d42754800 JavaThread "C2 CompilerThread1" daemon [_thread_in_native, id=19812, stack(0x0000004092b00000,0x0000004092c00000)]
  0x0000023d42068000 JavaThread "C2 CompilerThread2" daemon [_thread_in_native, id=17984, stack(0x0000004092c00000,0x0000004092d00000)]

Other Threads:
  0x0000023d3e27c800 VMThread "VM Thread" [stack: 0x000000408a800000,0x000000408a900000] [id=7992]
  0x0000023d3ec9e800 WatcherThread [stack: 0x000000408b200000,0x000000408b300000] [id=16668]
  0x0000023d235c7800 GCTaskThread "GC Thread#0" [stack: 0x000000408a300000,0x000000408a400000] [id=20540]
  0x0000023d3f92d000 GCTaskThread "GC Thread#1" [stack: 0x000000408b400000,0x000000408b500000] [id=9732]
  0x0000023d3f8ef000 GCTaskThread "GC Thread#2" [stack: 0x000000408b500000,0x000000408b600000] [id=20508]
  0x0000023d3fb2a800 GCTaskThread "GC Thread#3" [stack: 0x000000408b600000,0x000000408b700000] [id=9676]
  0x0000023d3fb2b000 GCTaskThread "GC Thread#4" [stack: 0x000000408b700000,0x000000408b800000] [id=19360]
  0x0000023d3f522800 GCTaskThread "GC Thread#5" [stack: 0x000000408b800000,0x000000408b900000] [id=15800]
  0x0000023d4181f000 GCTaskThread "GC Thread#6" [stack: 0x000000408c500000,0x000000408c600000] [id=20744]
  0x0000023d41cdc800 GCTaskThread "GC Thread#7" [stack: 0x000000408c600000,0x000000408c700000] [id=18992]
  0x0000023d235f9800 ConcurrentGCThread "G1 Main Marker" [stack: 0x000000408a400000,0x000000408a500000] [id=9880]
  0x0000023d235fa800 ConcurrentGCThread "G1 Conc#0" [stack: 0x000000408a500000,0x000000408a600000] [id=10664]
  0x0000023d40b5a800 ConcurrentGCThread "G1 Conc#1" [stack: 0x000000408c700000,0x000000408c800000] [id=5368]
  0x0000023d3e0f8800 ConcurrentGCThread "G1 Refine#0" [stack: 0x000000408a600000,0x000000408a700000] [id=22812]
  0x0000023d3e0f9800 ConcurrentGCThread "G1 Young RemSet Sampling" [stack: 0x000000408a700000,0x000000408a800000] [id=15772]

Threads with active compile tasks:
C2 CompilerThread0  43285 6517       4       org.objectweb.asm.Frame::execute (2318 bytes)
C2 CompilerThread1  43285 6507   !   4       com.google.common.reflect.TypeVisitor::visit (244 bytes)
C2 CompilerThread2  43285 6589       4       java.util.AbstractCollection::toArray (144 bytes)

VM state:not at safepoint (normal execution)

VM Mutex/Monitor currently owned by a thread: None

Heap address: 0x0000000080000000, size: 2048 MB, Compressed Oops mode: 32-bit
Narrow klass base: 0x0000000000000000, Narrow klass shift: 3
Compressed class space size: 1073741824 Address: 0x0000000100000000

Heap:
 garbage-first heap   total 260096K, used 102366K [0x0000000080000000, 0x0000000100000000)
  region size 1024K, 66 young (67584K), 16 survivors (16384K)
 Metaspace       used 66206K, capacity 67685K, committed 67792K, reserved 1107968K
  class space    used 8364K, capacity 8964K, committed 8992K, reserved 1048576K
Heap Regions: E=young(eden), S=young(survivor), O=old, HS=humongous(starts), HC=humongous(continues), CS=collection set, F=free, A=archive, TAMS=top-at-mark-start (previous, next)
|   0|0x0000000080000000, 0x0000000080100000, 0x0000000080100000|100%| O|  |TAMS 0x0000000080100000, 0x0000000080000000| Untracked 
|   1|0x0000000080100000, 0x0000000080200000, 0x0000000080200000|100%| O|  |TAMS 0x0000000080200000, 0x0000000080100000| Untracked 
|   2|0x0000000080200000, 0x0000000080300000, 0x0000000080300000|100%| O|  |TAMS 0x0000000080300000, 0x0000000080200000| Untracked 
|   3|0x0000000080300000, 0x0000000080400000, 0x0000000080400000|100%|HS|  |TAMS 0x0000000080400000, 0x0000000080300000| Complete 
|   4|0x0000000080400000, 0x0000000080500000, 0x0000000080500000|100%|HC|  |TAMS 0x0000000080500000, 0x0000000080400000| Complete 
|   5|0x0000000080500000, 0x0000000080600000, 0x0000000080600000|100%|HC|  |TAMS 0x0000000080600000, 0x0000000080500000| Complete 
|   6|0x0000000080600000, 0x0000000080700000, 0x0000000080700000|100%| O|  |TAMS 0x0000000080700000, 0x0000000080600000| Untracked 
|   7|0x0000000080700000, 0x0000000080800000, 0x0000000080800000|100%| O|  |TAMS 0x0000000080800000, 0x0000000080700000| Untracked 
|   8|0x0000000080800000, 0x0000000080900000, 0x0000000080900000|100%| O|  |TAMS 0x0000000080900000, 0x0000000080800000| Untracked 
|   9|0x0000000080900000, 0x0000000080a00000, 0x0000000080a00000|100%| O|  |TAMS 0x0000000080a00000, 0x0000000080900000| Untracked 
|  10|0x0000000080a00000, 0x0000000080b00000, 0x0000000080b00000|100%| O|  |TAMS 0x0000000080b00000, 0x0000000080a00000| Untracked 
|  11|0x0000000080b00000, 0x0000000080c00000, 0x0000000080c00000|100%| O|  |TAMS 0x0000000080c00000, 0x0000000080b00000| Untracked 
|  12|0x0000000080c00000, 0x0000000080d00000, 0x0000000080d00000|100%| O|  |TAMS 0x0000000080d00000, 0x0000000080c00000| Untracked 
|  13|0x0000000080d00000, 0x0000000080e00000, 0x0000000080e00000|100%| O|  |TAMS 0x0000000080e00000, 0x0000000080d00000| Untracked 
|  14|0x0000000080e00000, 0x0000000080f00000, 0x0000000080f00000|100%| O|  |TAMS 0x0000000080f00000, 0x0000000080e00000| Untracked 
|  15|0x0000000080f00000, 0x0000000081000000, 0x0000000081000000|100%| O|  |TAMS 0x0000000081000000, 0x0000000080f00000| Untracked 
|  16|0x0000000081000000, 0x0000000081100000, 0x0000000081100000|100%| O|  |TAMS 0x0000000081100000, 0x0000000081000000| Untracked 
|  17|0x0000000081100000, 0x0000000081200000, 0x0000000081200000|100%| O|  |TAMS 0x0000000081200000, 0x0000000081100000| Untracked 
|  18|0x0000000081200000, 0x0000000081300000, 0x0000000081300000|100%| O|  |TAMS 0x0000000081300000, 0x0000000081200000| Untracked 
|  19|0x0000000081300000, 0x0000000081400000, 0x0000000081400000|100%| O|  |TAMS 0x0000000081400000, 0x0000000081300000| Untracked 
|  20|0x0000000081400000, 0x0000000081500000, 0x0000000081500000|100%| O|  |TAMS 0x0000000081500000, 0x0000000081400000| Untracked 
|  21|0x0000000081500000, 0x0000000081600000, 0x0000000081600000|100%| O|  |TAMS 0x0000000081600000, 0x0000000081500000| Untracked 
|  22|0x0000000081600000, 0x0000000081700000, 0x0000000081700000|100%|HS|  |TAMS 0x0000000081700000, 0x0000000081600000| Complete 
|  23|0x0000000081700000, 0x0000000081800000, 0x0000000081800000|100%|HS|  |TAMS 0x0000000081800000, 0x0000000081700000| Complete 
|  24|0x0000000081800000, 0x0000000081900000, 0x0000000081900000|100%|HS|  |TAMS 0x0000000081900000, 0x0000000081800000| Complete 
|  25|0x0000000081900000, 0x0000000081a00000, 0x0000000081a00000|100%|HS|  |TAMS 0x0000000081a00000, 0x0000000081900000| Complete 
|  26|0x0000000081a00000, 0x0000000081b00000, 0x0000000081b00000|100%|HC|  |TAMS 0x0000000081b00000, 0x0000000081a00000| Complete 
|  27|0x0000000081b00000, 0x0000000081c00000, 0x0000000081c00000|100%|HC|  |TAMS 0x0000000081c00000, 0x0000000081b00000| Complete 
|  28|0x0000000081c00000, 0x0000000081c00000, 0x0000000081d00000|  0%| F|  |TAMS 0x0000000081c00000, 0x0000000081c00000| Untracked 
|  29|0x0000000081d00000, 0x0000000081e00000, 0x0000000081e00000|100%|HS|  |TAMS 0x0000000081e00000, 0x0000000081d00000| Complete 
|  30|0x0000000081e00000, 0x0000000081f00000, 0x0000000081f00000|100%|HC|  |TAMS 0x0000000081f00000, 0x0000000081e00000| Complete 
|  31|0x0000000081f00000, 0x0000000082000000, 0x0000000082000000|100%| O|  |TAMS 0x0000000082000000, 0x0000000081f00000| Untracked 
|  32|0x0000000082000000, 0x0000000082100000, 0x0000000082100000|100%| O|  |TAMS 0x0000000082100000, 0x0000000082000000| Untracked 
|  33|0x0000000082100000, 0x0000000082200000, 0x0000000082200000|100%| O|  |TAMS 0x0000000082200000, 0x0000000082100000| Untracked 
|  34|0x0000000082200000, 0x0000000082300000, 0x0000000082300000|100%| O|  |TAMS 0x0000000082300000, 0x0000000082200000| Untracked 
|  35|0x0000000082300000, 0x0000000082400000, 0x0000000082400000|100%| O|  |TAMS 0x0000000082400000, 0x0000000082300000| Untracked 
|  36|0x0000000082400000, 0x00000000824b2800, 0x0000000082500000| 69%| O|  |TAMS 0x00000000824b2800, 0x0000000082400000| Untracked 
|  37|0x0000000082500000, 0x0000000082500000, 0x0000000082600000|  0%| F|  |TAMS 0x0000000082500000, 0x0000000082500000| Untracked 
|  38|0x0000000082600000, 0x0000000082600000, 0x0000000082700000|  0%| F|  |TAMS 0x0000000082600000, 0x0000000082600000| Untracked 
|  39|0x0000000082700000, 0x0000000082700000, 0x0000000082800000|  0%| F|  |TAMS 0x0000000082700000, 0x0000000082700000| Untracked 
|  40|0x0000000082800000, 0x0000000082800000, 0x0000000082900000|  0%| F|  |TAMS 0x0000000082800000, 0x0000000082800000| Untracked 
|  41|0x0000000082900000, 0x0000000082900000, 0x0000000082a00000|  0%| F|  |TAMS 0x0000000082900000, 0x0000000082900000| Untracked 
|  42|0x0000000082a00000, 0x0000000082a00000, 0x0000000082b00000|  0%| F|  |TAMS 0x0000000082a00000, 0x0000000082a00000| Untracked 
|  43|0x0000000082b00000, 0x0000000082b00000, 0x0000000082c00000|  0%| F|  |TAMS 0x0000000082b00000, 0x0000000082b00000| Untracked 
|  44|0x0000000082c00000, 0x0000000082c00000, 0x0000000082d00000|  0%| F|  |TAMS 0x0000000082c00000, 0x0000000082c00000| Untracked 
|  45|0x0000000082d00000, 0x0000000082d00000, 0x0000000082e00000|  0%| F|  |TAMS 0x0000000082d00000, 0x0000000082d00000| Untracked 
|  46|0x0000000082e00000, 0x0000000082e00000, 0x0000000082f00000|  0%| F|  |TAMS 0x0000000082e00000, 0x0000000082e00000| Untracked 
|  47|0x0000000082f00000, 0x0000000082f00000, 0x0000000083000000|  0%| F|  |TAMS 0x0000000082f00000, 0x0000000082f00000| Untracked 
|  48|0x0000000083000000, 0x0000000083000000, 0x0000000083100000|  0%| F|  |TAMS 0x0000000083000000, 0x0000000083000000| Untracked 
|  49|0x0000000083100000, 0x0000000083100000, 0x0000000083200000|  0%| F|  |TAMS 0x0000000083100000, 0x0000000083100000| Untracked 
|  50|0x0000000083200000, 0x0000000083200000, 0x0000000083300000|  0%| F|  |TAMS 0x0000000083200000, 0x0000000083200000| Untracked 
|  51|0x0000000083300000, 0x0000000083300000, 0x0000000083400000|  0%| F|  |TAMS 0x0000000083300000, 0x0000000083300000| Untracked 
|  52|0x0000000083400000, 0x0000000083400000, 0x0000000083500000|  0%| F|  |TAMS 0x0000000083400000, 0x0000000083400000| Untracked 
|  53|0x0000000083500000, 0x0000000083500000, 0x0000000083600000|  0%| F|  |TAMS 0x0000000083500000, 0x0000000083500000| Untracked 
|  54|0x0000000083600000, 0x0000000083600000, 0x0000000083700000|  0%| F|  |TAMS 0x0000000083600000, 0x0000000083600000| Untracked 
|  55|0x0000000083700000, 0x0000000083700000, 0x0000000083800000|  0%| F|  |TAMS 0x0000000083700000, 0x0000000083700000| Untracked 
|  56|0x0000000083800000, 0x0000000083800000, 0x0000000083900000|  0%| F|  |TAMS 0x0000000083800000, 0x0000000083800000| Untracked 
|  57|0x0000000083900000, 0x0000000083900000, 0x0000000083a00000|  0%| F|  |TAMS 0x0000000083900000, 0x0000000083900000| Untracked 
|  58|0x0000000083a00000, 0x0000000083a00000, 0x0000000083b00000|  0%| F|  |TAMS 0x0000000083a00000, 0x0000000083a00000| Untracked 
|  59|0x0000000083b00000, 0x0000000083b00000, 0x0000000083c00000|  0%| F|  |TAMS 0x0000000083b00000, 0x0000000083b00000| Untracked 
|  60|0x0000000083c00000, 0x0000000083c00000, 0x0000000083d00000|  0%| F|  |TAMS 0x0000000083c00000, 0x0000000083c00000| Untracked 
|  61|0x0000000083d00000, 0x0000000083d00000, 0x0000000083e00000|  0%| F|  |TAMS 0x0000000083d00000, 0x0000000083d00000| Untracked 
|  62|0x0000000083e00000, 0x0000000083e00000, 0x0000000083f00000|  0%| F|  |TAMS 0x0000000083e00000, 0x0000000083e00000| Untracked 
|  63|0x0000000083f00000, 0x0000000083f00000, 0x0000000084000000|  0%| F|  |TAMS 0x0000000083f00000, 0x0000000083f00000| Untracked 
|  64|0x0000000084000000, 0x0000000084000000, 0x0000000084100000|  0%| F|  |TAMS 0x0000000084000000, 0x0000000084000000| Untracked 
|  65|0x0000000084100000, 0x0000000084100000, 0x0000000084200000|  0%| F|  |TAMS 0x0000000084100000, 0x0000000084100000| Untracked 
|  66|0x0000000084200000, 0x0000000084200000, 0x0000000084300000|  0%| F|  |TAMS 0x0000000084200000, 0x0000000084200000| Untracked 
|  67|0x0000000084300000, 0x0000000084300000, 0x0000000084400000|  0%| F|  |TAMS 0x0000000084300000, 0x0000000084300000| Untracked 
|  68|0x0000000084400000, 0x0000000084400000, 0x0000000084500000|  0%| F|  |TAMS 0x0000000084400000, 0x0000000084400000| Untracked 
|  69|0x0000000084500000, 0x0000000084500000, 0x0000000084600000|  0%| F|  |TAMS 0x0000000084500000, 0x0000000084500000| Untracked 
|  70|0x0000000084600000, 0x0000000084600000, 0x0000000084700000|  0%| F|  |TAMS 0x0000000084600000, 0x0000000084600000| Untracked 
|  71|0x0000000084700000, 0x0000000084700000, 0x0000000084800000|  0%| F|  |TAMS 0x0000000084700000, 0x0000000084700000| Untracked 
|  72|0x0000000084800000, 0x0000000084800000, 0x0000000084900000|  0%| F|  |TAMS 0x0000000084800000, 0x0000000084800000| Untracked 
|  73|0x0000000084900000, 0x0000000084900000, 0x0000000084a00000|  0%| F|  |TAMS 0x0000000084900000, 0x0000000084900000| Untracked 
|  74|0x0000000084a00000, 0x0000000084a00000, 0x0000000084b00000|  0%| F|  |TAMS 0x0000000084a00000, 0x0000000084a00000| Untracked 
|  75|0x0000000084b00000, 0x0000000084b00000, 0x0000000084c00000|  0%| F|  |TAMS 0x0000000084b00000, 0x0000000084b00000| Untracked 
|  76|0x0000000084c00000, 0x0000000084c00000, 0x0000000084d00000|  0%| F|  |TAMS 0x0000000084c00000, 0x0000000084c00000| Untracked 
|  77|0x0000000084d00000, 0x0000000084d00000, 0x0000000084e00000|  0%| F|  |TAMS 0x0000000084d00000, 0x0000000084d00000| Untracked 
|  78|0x0000000084e00000, 0x0000000084e00000, 0x0000000084f00000|  0%| F|  |TAMS 0x0000000084e00000, 0x0000000084e00000| Untracked 
|  79|0x0000000084f00000, 0x0000000084f00000, 0x0000000085000000|  0%| F|  |TAMS 0x0000000084f00000, 0x0000000084f00000| Untracked 
|  80|0x0000000085000000, 0x0000000085000000, 0x0000000085100000|  0%| F|  |TAMS 0x0000000085000000, 0x0000000085000000| Untracked 
|  81|0x0000000085100000, 0x0000000085100000, 0x0000000085200000|  0%| F|  |TAMS 0x0000000085100000, 0x0000000085100000| Untracked 
|  82|0x0000000085200000, 0x0000000085200000, 0x0000000085300000|  0%| F|  |TAMS 0x0000000085200000, 0x0000000085200000| Untracked 
|  83|0x0000000085300000, 0x0000000085300000, 0x0000000085400000|  0%| F|  |TAMS 0x0000000085300000, 0x0000000085300000| Untracked 
|  84|0x0000000085400000, 0x0000000085400000, 0x0000000085500000|  0%| F|  |TAMS 0x0000000085400000, 0x0000000085400000| Untracked 
|  85|0x0000000085500000, 0x0000000085500000, 0x0000000085600000|  0%| F|  |TAMS 0x0000000085500000, 0x0000000085500000| Untracked 
|  86|0x0000000085600000, 0x0000000085600000, 0x0000000085700000|  0%| F|  |TAMS 0x0000000085600000, 0x0000000085600000| Untracked 
|  87|0x0000000085700000, 0x0000000085700000, 0x0000000085800000|  0%| F|  |TAMS 0x0000000085700000, 0x0000000085700000| Untracked 
|  88|0x0000000085800000, 0x0000000085800000, 0x0000000085900000|  0%| F|  |TAMS 0x0000000085800000, 0x0000000085800000| Untracked 
|  89|0x0000000085900000, 0x0000000085900000, 0x0000000085a00000|  0%| F|  |TAMS 0x0000000085900000, 0x0000000085900000| Untracked 
|  90|0x0000000085a00000, 0x0000000085a00000, 0x0000000085b00000|  0%| F|  |TAMS 0x0000000085a00000, 0x0000000085a00000| Untracked 
|  91|0x0000000085b00000, 0x0000000085b00000, 0x0000000085c00000|  0%| F|  |TAMS 0x0000000085b00000, 0x0000000085b00000| Untracked 
|  92|0x0000000085c00000, 0x0000000085c00000, 0x0000000085d00000|  0%| F|  |TAMS 0x0000000085c00000, 0x0000000085c00000| Untracked 
|  93|0x0000000085d00000, 0x0000000085d00000, 0x0000000085e00000|  0%| F|  |TAMS 0x0000000085d00000, 0x0000000085d00000| Untracked 
|  94|0x0000000085e00000, 0x0000000085e00000, 0x0000000085f00000|  0%| F|  |TAMS 0x0000000085e00000, 0x0000000085e00000| Untracked 
|  95|0x0000000085f00000, 0x0000000085f00000, 0x0000000086000000|  0%| F|  |TAMS 0x0000000085f00000, 0x0000000085f00000| Untracked 
|  96|0x0000000086000000, 0x0000000086000000, 0x0000000086100000|  0%| F|  |TAMS 0x0000000086000000, 0x0000000086000000| Untracked 
|  97|0x0000000086100000, 0x0000000086100000, 0x0000000086200000|  0%| F|  |TAMS 0x0000000086100000, 0x0000000086100000| Untracked 
|  98|0x0000000086200000, 0x0000000086200000, 0x0000000086300000|  0%| F|  |TAMS 0x0000000086200000, 0x0000000086200000| Untracked 
|  99|0x0000000086300000, 0x0000000086300000, 0x0000000086400000|  0%| F|  |TAMS 0x0000000086300000, 0x0000000086300000| Untracked 
| 100|0x0000000086400000, 0x0000000086400000, 0x0000000086500000|  0%| F|  |TAMS 0x0000000086400000, 0x0000000086400000| Untracked 
| 101|0x0000000086500000, 0x0000000086500000, 0x0000000086600000|  0%| F|  |TAMS 0x0000000086500000, 0x0000000086500000| Untracked 
| 102|0x0000000086600000, 0x0000000086600000, 0x0000000086700000|  0%| F|  |TAMS 0x0000000086600000, 0x0000000086600000| Untracked 
| 103|0x0000000086700000, 0x0000000086700000, 0x0000000086800000|  0%| F|  |TAMS 0x0000000086700000, 0x0000000086700000| Untracked 
| 104|0x0000000086800000, 0x0000000086800000, 0x0000000086900000|  0%| F|  |TAMS 0x0000000086800000, 0x0000000086800000| Untracked 
| 105|0x0000000086900000, 0x0000000086900000, 0x0000000086a00000|  0%| F|  |TAMS 0x0000000086900000, 0x0000000086900000| Untracked 
| 106|0x0000000086a00000, 0x0000000086a00000, 0x0000000086b00000|  0%| F|  |TAMS 0x0000000086a00000, 0x0000000086a00000| Untracked 
| 107|0x0000000086b00000, 0x0000000086b00000, 0x0000000086c00000|  0%| F|  |TAMS 0x0000000086b00000, 0x0000000086b00000| Untracked 
| 108|0x0000000086c00000, 0x0000000086c00000, 0x0000000086d00000|  0%| F|  |TAMS 0x0000000086c00000, 0x0000000086c00000| Untracked 
| 109|0x0000000086d00000, 0x0000000086d00000, 0x0000000086e00000|  0%| F|  |TAMS 0x0000000086d00000, 0x0000000086d00000| Untracked 
| 110|0x0000000086e00000, 0x0000000086e00000, 0x0000000086f00000|  0%| F|  |TAMS 0x0000000086e00000, 0x0000000086e00000| Untracked 
| 111|0x0000000086f00000, 0x0000000086f00000, 0x0000000087000000|  0%| F|  |TAMS 0x0000000086f00000, 0x0000000086f00000| Untracked 
| 112|0x0000000087000000, 0x0000000087000000, 0x0000000087100000|  0%| F|  |TAMS 0x0000000087000000, 0x0000000087000000| Untracked 
| 113|0x0000000087100000, 0x0000000087100000, 0x0000000087200000|  0%| F|  |TAMS 0x0000000087100000, 0x0000000087100000| Untracked 
| 114|0x0000000087200000, 0x0000000087200000, 0x0000000087300000|  0%| F|  |TAMS 0x0000000087200000, 0x0000000087200000| Untracked 
| 115|0x0000000087300000, 0x0000000087300000, 0x0000000087400000|  0%| F|  |TAMS 0x0000000087300000, 0x0000000087300000| Untracked 
| 116|0x0000000087400000, 0x0000000087400000, 0x0000000087500000|  0%| F|  |TAMS 0x0000000087400000, 0x0000000087400000| Untracked 
| 117|0x0000000087500000, 0x0000000087500000, 0x0000000087600000|  0%| F|  |TAMS 0x0000000087500000, 0x0000000087500000| Untracked 
| 118|0x0000000087600000, 0x0000000087600000, 0x0000000087700000|  0%| F|  |TAMS 0x0000000087600000, 0x0000000087600000| Untracked 
| 119|0x0000000087700000, 0x0000000087700000, 0x0000000087800000|  0%| F|  |TAMS 0x0000000087700000, 0x0000000087700000| Untracked 
| 120|0x0000000087800000, 0x0000000087800000, 0x0000000087900000|  0%| F|  |TAMS 0x0000000087800000, 0x0000000087800000| Untracked 
| 121|0x0000000087900000, 0x0000000087900000, 0x0000000087a00000|  0%| F|  |TAMS 0x0000000087900000, 0x0000000087900000| Untracked 
| 122|0x0000000087a00000, 0x0000000087a00000, 0x0000000087b00000|  0%| F|  |TAMS 0x0000000087a00000, 0x0000000087a00000| Untracked 
| 123|0x0000000087b00000, 0x0000000087b00000, 0x0000000087c00000|  0%| F|  |TAMS 0x0000000087b00000, 0x0000000087b00000| Untracked 
| 124|0x0000000087c00000, 0x0000000087c00000, 0x0000000087d00000|  0%| F|  |TAMS 0x0000000087c00000, 0x0000000087c00000| Untracked 
| 125|0x0000000087d00000, 0x0000000087d00000, 0x0000000087e00000|  0%| F|  |TAMS 0x0000000087d00000, 0x0000000087d00000| Untracked 
| 126|0x0000000087e00000, 0x0000000087e00000, 0x0000000087f00000|  0%| F|  |TAMS 0x0000000087e00000, 0x0000000087e00000| Untracked 
| 127|0x0000000087f00000, 0x0000000087f00000, 0x0000000088000000|  0%| F|  |TAMS 0x0000000087f00000, 0x0000000087f00000| Untracked 
| 128|0x0000000088000000, 0x0000000088000000, 0x0000000088100000|  0%| F|  |TAMS 0x0000000088000000, 0x0000000088000000| Untracked 
| 129|0x0000000088100000, 0x0000000088100000, 0x0000000088200000|  0%| F|  |TAMS 0x0000000088100000, 0x0000000088100000| Untracked 
| 130|0x0000000088200000, 0x0000000088200000, 0x0000000088300000|  0%| F|  |TAMS 0x0000000088200000, 0x0000000088200000| Untracked 
| 131|0x0000000088300000, 0x0000000088300000, 0x0000000088400000|  0%| F|  |TAMS 0x0000000088300000, 0x0000000088300000| Untracked 
| 132|0x0000000088400000, 0x0000000088400000, 0x0000000088500000|  0%| F|  |TAMS 0x0000000088400000, 0x0000000088400000| Untracked 
| 133|0x0000000088500000, 0x0000000088500000, 0x0000000088600000|  0%| F|  |TAMS 0x0000000088500000, 0x0000000088500000| Untracked 
| 134|0x0000000088600000, 0x0000000088600000, 0x0000000088700000|  0%| F|  |TAMS 0x0000000088600000, 0x0000000088600000| Untracked 
| 135|0x0000000088700000, 0x0000000088700000, 0x0000000088800000|  0%| F|  |TAMS 0x0000000088700000, 0x0000000088700000| Untracked 
| 136|0x0000000088800000, 0x0000000088800000, 0x0000000088900000|  0%| F|  |TAMS 0x0000000088800000, 0x0000000088800000| Untracked 
| 137|0x0000000088900000, 0x0000000088900000, 0x0000000088a00000|  0%| F|  |TAMS 0x0000000088900000, 0x0000000088900000| Untracked 
| 138|0x0000000088a00000, 0x0000000088a00000, 0x0000000088b00000|  0%| F|  |TAMS 0x0000000088a00000, 0x0000000088a00000| Untracked 
| 139|0x0000000088b00000, 0x0000000088b00000, 0x0000000088c00000|  0%| F|  |TAMS 0x0000000088b00000, 0x0000000088b00000| Untracked 
| 140|0x0000000088c00000, 0x0000000088c00000, 0x0000000088d00000|  0%| F|  |TAMS 0x0000000088c00000, 0x0000000088c00000| Untracked 
| 141|0x0000000088d00000, 0x0000000088d00000, 0x0000000088e00000|  0%| F|  |TAMS 0x0000000088d00000, 0x0000000088d00000| Untracked 
| 142|0x0000000088e00000, 0x0000000088e00000, 0x0000000088f00000|  0%| F|  |TAMS 0x0000000088e00000, 0x0000000088e00000| Untracked 
| 143|0x0000000088f00000, 0x0000000088f00000, 0x0000000089000000|  0%| F|  |TAMS 0x0000000088f00000, 0x0000000088f00000| Untracked 
| 144|0x0000000089000000, 0x0000000089000000, 0x0000000089100000|  0%| F|  |TAMS 0x0000000089000000, 0x0000000089000000| Untracked 
| 145|0x0000000089100000, 0x0000000089100000, 0x0000000089200000|  0%| F|  |TAMS 0x0000000089100000, 0x0000000089100000| Untracked 
| 146|0x0000000089200000, 0x0000000089200000, 0x0000000089300000|  0%| F|  |TAMS 0x0000000089200000, 0x0000000089200000| Untracked 
| 147|0x0000000089300000, 0x0000000089300000, 0x0000000089400000|  0%| F|  |TAMS 0x0000000089300000, 0x0000000089300000| Untracked 
| 148|0x0000000089400000, 0x0000000089400000, 0x0000000089500000|  0%| F|  |TAMS 0x0000000089400000, 0x0000000089400000| Untracked 
| 149|0x0000000089500000, 0x0000000089500000, 0x0000000089600000|  0%| F|  |TAMS 0x0000000089500000, 0x0000000089500000| Untracked 
| 150|0x0000000089600000, 0x0000000089600000, 0x0000000089700000|  0%| F|  |TAMS 0x0000000089600000, 0x0000000089600000| Untracked 
| 151|0x0000000089700000, 0x0000000089700000, 0x0000000089800000|  0%| F|  |TAMS 0x0000000089700000, 0x0000000089700000| Untracked 
| 152|0x0000000089800000, 0x0000000089800000, 0x0000000089900000|  0%| F|  |TAMS 0x0000000089800000, 0x0000000089800000| Untracked 
| 153|0x0000000089900000, 0x0000000089900000, 0x0000000089a00000|  0%| F|  |TAMS 0x0000000089900000, 0x0000000089900000| Untracked 
| 154|0x0000000089a00000, 0x0000000089a00000, 0x0000000089b00000|  0%| F|  |TAMS 0x0000000089a00000, 0x0000000089a00000| Untracked 
| 155|0x0000000089b00000, 0x0000000089b00000, 0x0000000089c00000|  0%| F|  |TAMS 0x0000000089b00000, 0x0000000089b00000| Untracked 
| 156|0x0000000089c00000, 0x0000000089c00000, 0x0000000089d00000|  0%| F|  |TAMS 0x0000000089c00000, 0x0000000089c00000| Untracked 
| 157|0x0000000089d00000, 0x0000000089d00000, 0x0000000089e00000|  0%| F|  |TAMS 0x0000000089d00000, 0x0000000089d00000| Untracked 
| 158|0x0000000089e00000, 0x0000000089e00000, 0x0000000089f00000|  0%| F|  |TAMS 0x0000000089e00000, 0x0000000089e00000| Untracked 
| 159|0x0000000089f00000, 0x0000000089f00000, 0x000000008a000000|  0%| F|  |TAMS 0x0000000089f00000, 0x0000000089f00000| Untracked 
| 160|0x000000008a000000, 0x000000008a000000, 0x000000008a100000|  0%| F|  |TAMS 0x000000008a000000, 0x000000008a000000| Untracked 
| 161|0x000000008a100000, 0x000000008a100000, 0x000000008a200000|  0%| F|  |TAMS 0x000000008a100000, 0x000000008a100000| Untracked 
| 162|0x000000008a200000, 0x000000008a200000, 0x000000008a300000|  0%| F|  |TAMS 0x000000008a200000, 0x000000008a200000| Untracked 
| 163|0x000000008a300000, 0x000000008a300000, 0x000000008a400000|  0%| F|  |TAMS 0x000000008a300000, 0x000000008a300000| Untracked 
| 164|0x000000008a400000, 0x000000008a400000, 0x000000008a500000|  0%| F|  |TAMS 0x000000008a400000, 0x000000008a400000| Untracked 
| 165|0x000000008a500000, 0x000000008a500000, 0x000000008a600000|  0%| F|  |TAMS 0x000000008a500000, 0x000000008a500000| Untracked 
| 166|0x000000008a600000, 0x000000008a600000, 0x000000008a700000|  0%| F|  |TAMS 0x000000008a600000, 0x000000008a600000| Untracked 
| 167|0x000000008a700000, 0x000000008a745170, 0x000000008a800000| 26%| S|CS|TAMS 0x000000008a700000, 0x000000008a700000| Complete 
| 168|0x000000008a800000, 0x000000008a900000, 0x000000008a900000|100%| S|CS|TAMS 0x000000008a800000, 0x000000008a800000| Complete 
| 169|0x000000008a900000, 0x000000008aa00000, 0x000000008aa00000|100%| S|CS|TAMS 0x000000008a900000, 0x000000008a900000| Complete 
| 170|0x000000008aa00000, 0x000000008ab00000, 0x000000008ab00000|100%| S|CS|TAMS 0x000000008aa00000, 0x000000008aa00000| Complete 
| 171|0x000000008ab00000, 0x000000008ac00000, 0x000000008ac00000|100%| S|CS|TAMS 0x000000008ab00000, 0x000000008ab00000| Complete 
| 172|0x000000008ac00000, 0x000000008ad00000, 0x000000008ad00000|100%| S|CS|TAMS 0x000000008ac00000, 0x000000008ac00000| Complete 
| 173|0x000000008ad00000, 0x000000008ae00000, 0x000000008ae00000|100%| S|CS|TAMS 0x000000008ad00000, 0x000000008ad00000| Complete 
| 174|0x000000008ae00000, 0x000000008af00000, 0x000000008af00000|100%| S|CS|TAMS 0x000000008ae00000, 0x000000008ae00000| Complete 
| 175|0x000000008af00000, 0x000000008b000000, 0x000000008b000000|100%| S|CS|TAMS 0x000000008af00000, 0x000000008af00000| Complete 
| 176|0x000000008b000000, 0x000000008b100000, 0x000000008b100000|100%| S|CS|TAMS 0x000000008b000000, 0x000000008b000000| Complete 
| 177|0x000000008b100000, 0x000000008b200000, 0x000000008b200000|100%| S|CS|TAMS 0x000000008b100000, 0x000000008b100000| Complete 
| 178|0x000000008b200000, 0x000000008b300000, 0x000000008b300000|100%| S|CS|TAMS 0x000000008b200000, 0x000000008b200000| Complete 
| 179|0x000000008b300000, 0x000000008b400000, 0x000000008b400000|100%| S|CS|TAMS 0x000000008b300000, 0x000000008b300000| Complete 
| 180|0x000000008b400000, 0x000000008b500000, 0x000000008b500000|100%| S|CS|TAMS 0x000000008b400000, 0x000000008b400000| Complete 
| 181|0x000000008b500000, 0x000000008b600000, 0x000000008b600000|100%| S|CS|TAMS 0x000000008b500000, 0x000000008b500000| Complete 
| 182|0x000000008b600000, 0x000000008b700000, 0x000000008b700000|100%| S|CS|TAMS 0x000000008b600000, 0x000000008b600000| Complete 
| 183|0x000000008b700000, 0x000000008b700000, 0x000000008b800000|  0%| F|  |TAMS 0x000000008b700000, 0x000000008b700000| Untracked 
| 184|0x000000008b800000, 0x000000008b800000, 0x000000008b900000|  0%| F|  |TAMS 0x000000008b800000, 0x000000008b800000| Untracked 
| 185|0x000000008b900000, 0x000000008b900000, 0x000000008ba00000|  0%| F|  |TAMS 0x000000008b900000, 0x000000008b900000| Untracked 
| 186|0x000000008ba00000, 0x000000008ba00000, 0x000000008bb00000|  0%| F|  |TAMS 0x000000008ba00000, 0x000000008ba00000| Untracked 
| 187|0x000000008bb00000, 0x000000008bb00000, 0x000000008bc00000|  0%| F|  |TAMS 0x000000008bb00000, 0x000000008bb00000| Untracked 
| 188|0x000000008bc00000, 0x000000008bc00000, 0x000000008bd00000|  0%| F|  |TAMS 0x000000008bc00000, 0x000000008bc00000| Untracked 
| 189|0x000000008bd00000, 0x000000008bd00000, 0x000000008be00000|  0%| F|  |TAMS 0x000000008bd00000, 0x000000008bd00000| Untracked 
| 190|0x000000008be00000, 0x000000008be00000, 0x000000008bf00000|  0%| F|  |TAMS 0x000000008be00000, 0x000000008be00000| Untracked 
| 191|0x000000008bf00000, 0x000000008bf00000, 0x000000008c000000|  0%| F|  |TAMS 0x000000008bf00000, 0x000000008bf00000| Untracked 
| 192|0x000000008c000000, 0x000000008c000000, 0x000000008c100000|  0%| F|  |TAMS 0x000000008c000000, 0x000000008c000000| Untracked 
| 193|0x000000008c100000, 0x000000008c100000, 0x000000008c200000|  0%| F|  |TAMS 0x000000008c100000, 0x000000008c100000| Untracked 
| 194|0x000000008c200000, 0x000000008c200000, 0x000000008c300000|  0%| F|  |TAMS 0x000000008c200000, 0x000000008c200000| Untracked 
| 195|0x000000008c300000, 0x000000008c300000, 0x000000008c400000|  0%| F|  |TAMS 0x000000008c300000, 0x000000008c300000| Untracked 
| 196|0x000000008c400000, 0x000000008c400000, 0x000000008c500000|  0%| F|  |TAMS 0x000000008c400000, 0x000000008c400000| Untracked 
| 197|0x000000008c500000, 0x000000008c500000, 0x000000008c600000|  0%| F|  |TAMS 0x000000008c500000, 0x000000008c500000| Untracked 
| 198|0x000000008c600000, 0x000000008c600000, 0x000000008c700000|  0%| F|  |TAMS 0x000000008c600000, 0x000000008c600000| Untracked 
| 199|0x000000008c700000, 0x000000008c700000, 0x000000008c800000|  0%| F|  |TAMS 0x000000008c700000, 0x000000008c700000| Untracked 
| 200|0x000000008c800000, 0x000000008c800000, 0x000000008c900000|  0%| F|  |TAMS 0x000000008c800000, 0x000000008c800000| Untracked 
| 201|0x000000008c900000, 0x000000008c900000, 0x000000008ca00000|  0%| F|  |TAMS 0x000000008c900000, 0x000000008c900000| Untracked 
| 202|0x000000008ca00000, 0x000000008ca00000, 0x000000008cb00000|  0%| F|  |TAMS 0x000000008ca00000, 0x000000008ca00000| Untracked 
| 203|0x000000008cb00000, 0x000000008cb00800, 0x000000008cc00000|  0%| E|  |TAMS 0x000000008cb00000, 0x000000008cb00000| Complete 
| 204|0x000000008cc00000, 0x000000008cd00000, 0x000000008cd00000|100%| E|CS|TAMS 0x000000008cc00000, 0x000000008cc00000| Complete 
| 205|0x000000008cd00000, 0x000000008ce00000, 0x000000008ce00000|100%| E|CS|TAMS 0x000000008cd00000, 0x000000008cd00000| Complete 
| 206|0x000000008ce00000, 0x000000008cf00000, 0x000000008cf00000|100%| E|CS|TAMS 0x000000008ce00000, 0x000000008ce00000| Complete 
| 207|0x000000008cf00000, 0x000000008d000000, 0x000000008d000000|100%| E|CS|TAMS 0x000000008cf00000, 0x000000008cf00000| Complete 
| 208|0x000000008d000000, 0x000000008d100000, 0x000000008d100000|100%| E|CS|TAMS 0x000000008d000000, 0x000000008d000000| Complete 
| 209|0x000000008d100000, 0x000000008d200000, 0x000000008d200000|100%| E|CS|TAMS 0x000000008d100000, 0x000000008d100000| Complete 
| 210|0x000000008d200000, 0x000000008d300000, 0x000000008d300000|100%| E|CS|TAMS 0x000000008d200000, 0x000000008d200000| Complete 
| 211|0x000000008d300000, 0x000000008d400000, 0x000000008d400000|100%| E|CS|TAMS 0x000000008d300000, 0x000000008d300000| Complete 
| 212|0x000000008d400000, 0x000000008d500000, 0x000000008d500000|100%| E|CS|TAMS 0x000000008d400000, 0x000000008d400000| Complete 
| 213|0x000000008d500000, 0x000000008d600000, 0x000000008d600000|100%| E|CS|TAMS 0x000000008d500000, 0x000000008d500000| Complete 
| 214|0x000000008d600000, 0x000000008d700000, 0x000000008d700000|100%| E|CS|TAMS 0x000000008d600000, 0x000000008d600000| Complete 
| 215|0x000000008d700000, 0x000000008d800000, 0x000000008d800000|100%| E|CS|TAMS 0x000000008d700000, 0x000000008d700000| Complete 
| 216|0x000000008d800000, 0x000000008d900000, 0x000000008d900000|100%| E|CS|TAMS 0x000000008d800000, 0x000000008d800000| Complete 
| 217|0x000000008d900000, 0x000000008da00000, 0x000000008da00000|100%| E|CS|TAMS 0x000000008d900000, 0x000000008d900000| Complete 
| 218|0x000000008da00000, 0x000000008db00000, 0x000000008db00000|100%| E|CS|TAMS 0x000000008da00000, 0x000000008da00000| Complete 
| 219|0x000000008db00000, 0x000000008dc00000, 0x000000008dc00000|100%| E|CS|TAMS 0x000000008db00000, 0x000000008db00000| Complete 
| 220|0x000000008dc00000, 0x000000008dd00000, 0x000000008dd00000|100%| E|CS|TAMS 0x000000008dc00000, 0x000000008dc00000| Complete 
| 221|0x000000008dd00000, 0x000000008de00000, 0x000000008de00000|100%| E|CS|TAMS 0x000000008dd00000, 0x000000008dd00000| Complete 
| 222|0x000000008de00000, 0x000000008df00000, 0x000000008df00000|100%| E|CS|TAMS 0x000000008de00000, 0x000000008de00000| Complete 
| 223|0x000000008df00000, 0x000000008e000000, 0x000000008e000000|100%| E|CS|TAMS 0x000000008df00000, 0x000000008df00000| Complete 
| 224|0x000000008e000000, 0x000000008e100000, 0x000000008e100000|100%| E|CS|TAMS 0x000000008e000000, 0x000000008e000000| Complete 
| 225|0x000000008e100000, 0x000000008e200000, 0x000000008e200000|100%| E|CS|TAMS 0x000000008e100000, 0x000000008e100000| Complete 
| 226|0x000000008e200000, 0x000000008e300000, 0x000000008e300000|100%| E|CS|TAMS 0x000000008e200000, 0x000000008e200000| Complete 
| 227|0x000000008e300000, 0x000000008e400000, 0x000000008e400000|100%| E|CS|TAMS 0x000000008e300000, 0x000000008e300000| Complete 
| 228|0x000000008e400000, 0x000000008e500000, 0x000000008e500000|100%| E|CS|TAMS 0x000000008e400000, 0x000000008e400000| Complete 
| 229|0x000000008e500000, 0x000000008e600000, 0x000000008e600000|100%| E|CS|TAMS 0x000000008e500000, 0x000000008e500000| Complete 
| 230|0x000000008e600000, 0x000000008e700000, 0x000000008e700000|100%| E|CS|TAMS 0x000000008e600000, 0x000000008e600000| Complete 
| 231|0x000000008e700000, 0x000000008e800000, 0x000000008e800000|100%| E|CS|TAMS 0x000000008e700000, 0x000000008e700000| Complete 
| 232|0x000000008e800000, 0x000000008e900000, 0x000000008e900000|100%| E|CS|TAMS 0x000000008e800000, 0x000000008e800000| Complete 
| 233|0x000000008e900000, 0x000000008ea00000, 0x000000008ea00000|100%| E|CS|TAMS 0x000000008e900000, 0x000000008e900000| Complete 
| 234|0x000000008ea00000, 0x000000008eb00000, 0x000000008eb00000|100%| E|CS|TAMS 0x000000008ea00000, 0x000000008ea00000| Complete 
| 235|0x000000008eb00000, 0x000000008ec00000, 0x000000008ec00000|100%| E|CS|TAMS 0x000000008eb00000, 0x000000008eb00000| Complete 
| 236|0x000000008ec00000, 0x000000008ed00000, 0x000000008ed00000|100%| E|CS|TAMS 0x000000008ec00000, 0x000000008ec00000| Complete 
| 237|0x000000008ed00000, 0x000000008ee00000, 0x000000008ee00000|100%| E|CS|TAMS 0x000000008ed00000, 0x000000008ed00000| Complete 
| 238|0x000000008ee00000, 0x000000008ef00000, 0x000000008ef00000|100%| E|CS|TAMS 0x000000008ee00000, 0x000000008ee00000| Complete 
| 239|0x000000008ef00000, 0x000000008f000000, 0x000000008f000000|100%| E|CS|TAMS 0x000000008ef00000, 0x000000008ef00000| Complete 
| 240|0x000000008f000000, 0x000000008f100000, 0x000000008f100000|100%| E|CS|TAMS 0x000000008f000000, 0x000000008f000000| Complete 
| 241|0x000000008f100000, 0x000000008f200000, 0x000000008f200000|100%| E|CS|TAMS 0x000000008f100000, 0x000000008f100000| Complete 
| 242|0x000000008f200000, 0x000000008f300000, 0x000000008f300000|100%| E|CS|TAMS 0x000000008f200000, 0x000000008f200000| Complete 
| 243|0x000000008f300000, 0x000000008f400000, 0x000000008f400000|100%| E|CS|TAMS 0x000000008f300000, 0x000000008f300000| Complete 
| 244|0x000000008f400000, 0x000000008f500000, 0x000000008f500000|100%| E|CS|TAMS 0x000000008f400000, 0x000000008f400000| Complete 
| 245|0x000000008f500000, 0x000000008f600000, 0x000000008f600000|100%| E|CS|TAMS 0x000000008f500000, 0x000000008f500000| Complete 
| 246|0x000000008f600000, 0x000000008f700000, 0x000000008f700000|100%| E|CS|TAMS 0x000000008f600000, 0x000000008f600000| Complete 
| 247|0x000000008f700000, 0x000000008f800000, 0x000000008f800000|100%| E|CS|TAMS 0x000000008f700000, 0x000000008f700000| Complete 
| 248|0x000000008f800000, 0x000000008f900000, 0x000000008f900000|100%| E|CS|TAMS 0x000000008f800000, 0x000000008f800000| Complete 
| 249|0x000000008f900000, 0x000000008fa00000, 0x000000008fa00000|100%| E|CS|TAMS 0x000000008f900000, 0x000000008f900000| Complete 
| 250|0x000000008fa00000, 0x000000008fb00000, 0x000000008fb00000|100%| E|CS|TAMS 0x000000008fa00000, 0x000000008fa00000| Complete 
| 251|0x000000008fb00000, 0x000000008fc00000, 0x000000008fc00000|100%| E|CS|TAMS 0x000000008fb00000, 0x000000008fb00000| Complete 
| 252|0x000000008fc00000, 0x000000008fd00000, 0x000000008fd00000|100%| E|CS|TAMS 0x000000008fc00000, 0x000000008fc00000| Complete 
| 253|0x000000008fd00000, 0x000000008fe00000, 0x000000008fe00000|100%| E|CS|TAMS 0x000000008fd00000, 0x000000008fd00000| Complete 

Card table byte_map: [0x0000023d36f70000,0x0000023d37370000] _byte_map_base: 0x0000023d36b70000

Marking Bits (Prev, Next): (CMBitMap*) 0x0000023d235f0790, (CMBitMap*) 0x0000023d235f0758
 Prev Bits: [0x0000023d39770000, 0x0000023d3b770000)
 Next Bits: [0x0000023d37770000, 0x0000023d39770000)

Polling page: 0x0000023d23690000

Metaspace:

Usage:
  Non-class:     57.47 MB capacity,    56.53 MB ( 98%) used,   787.09 KB (  1%) free+waste,   174.88 KB ( <1%) overhead. 
      Class:      8.76 MB capacity,     8.18 MB ( 93%) used,   511.85 KB (  6%) free+waste,    82.19 KB ( <1%) overhead. 
       Both:     66.23 MB capacity,    64.71 MB ( 98%) used,     1.27 MB (  2%) free+waste,   257.06 KB ( <1%) overhead. 

Virtual space:
  Non-class space:       58.00 MB reserved,      57.67 MB (>99%) committed 
      Class space:        1.00 GB reserved,       8.78 MB ( <1%) committed 
             Both:        1.06 GB reserved,      66.45 MB (  6%) committed 

Chunk freelists:
   Non-Class:  11.00 KB
       Class:  26.00 KB
        Both:  37.00 KB

MaxMetaspaceSize: 17179869184.00 GB
CompressedClassSpaceSize: 1.00 GB
Initial GC threshold: 20.80 MB
Current GC threshold: 99.30 MB
CDS: off

CodeHeap 'non-profiled nmethods': size=120000Kb used=3866Kb max_used=3866Kb free=116133Kb
 bounds [0x0000023d2ebc0000, 0x0000023d2ef90000, 0x0000023d360f0000]
CodeHeap 'profiled nmethods': size=120000Kb used=13706Kb max_used=13706Kb free=106293Kb
 bounds [0x0000023d27690000, 0x0000023d28400000, 0x0000023d2ebc0000]
CodeHeap 'non-nmethods': size=5760Kb used=2361Kb max_used=2397Kb free=3399Kb
 bounds [0x0000023d270f0000, 0x0000023d27360000, 0x0000023d27690000]
 total_blobs=7452 nmethods=6573 adapters=791
 compilation: enabled
              stopped_count=0, restarted_count=0
 full_count=0

Compilation events (20 events):
Event: 43.005 Thread 0x0000023d3eb24800 6569       3       java.util.logging.LogManager::getProperty (9 bytes)
Event: 43.006 Thread 0x0000023d3eb24800 nmethod 6569 0x0000023d283dae10 code [0x0000023d283dafc0, 0x0000023d283db188]
Event: 43.076 Thread 0x0000023d3eb24800 6570       3       java.lang.invoke.ClassSpecializer$SpeciesData::transformHelper (56 bytes)
Event: 43.078 Thread 0x0000023d3eb24800 nmethod 6570 0x0000023d283db290 code [0x0000023d283db4c0, 0x0000023d283dbdb8]
Event: 43.086 Thread 0x0000023d3eb24800 6571       3       java.util.TreeMap$KeyIterator::next (8 bytes)
Event: 43.087 Thread 0x0000023d3eb24800 nmethod 6571 0x0000023d283dc010 code [0x0000023d283dc1c0, 0x0000023d283dc2e8]
Event: 43.100 Thread 0x0000023d3eb24800 6572       3       java.util.IdentityHashMap::hash (18 bytes)
Event: 43.101 Thread 0x0000023d3eb24800 nmethod 6572 0x0000023d283dc390 code [0x0000023d283dc540, 0x0000023d283dc668]
Event: 43.102 Thread 0x0000023d3eb24800 6573       3       com.sun.jmx.mbeanserver.MBeanAnalyzer$MethodOrder::compare (13 bytes)
Event: 43.103 Thread 0x0000023d3eb24800 nmethod 6573 0x0000023d283dc710 code [0x0000023d283dc8e0, 0x0000023d283dcbe8]
Event: 43.103 Thread 0x0000023d3eb24800 6574       3       com.sun.jmx.mbeanserver.MBeanAnalyzer$MethodOrder::compare (106 bytes)
Event: 43.105 Thread 0x0000023d3eb24800 nmethod 6574 0x0000023d283dcd10 code [0x0000023d283dcf80, 0x0000023d283dd7f8]
Event: 43.107 Thread 0x0000023d3eb24800 6575       3       java.util.TreeMap::<init> (20 bytes)
Event: 43.108 Thread 0x0000023d3eb24800 nmethod 6575 0x0000023d283ddb90 code [0x0000023d283ddd40, 0x0000023d283ddf38]
Event: 43.111 Thread 0x0000023d3eb24800 6576       1       javax.management.openmbean.OpenType::getClassName (5 bytes)
Event: 43.112 Thread 0x0000023d3eb24800 nmethod 6576 0x0000023d2ef82f90 code [0x0000023d2ef83140, 0x0000023d2ef831f8]
Event: 43.119 Thread 0x0000023d3eb24800 6577       3       jdk.internal.org.objectweb.asm.MethodWriter::startFrame (55 bytes)
Event: 43.121 Thread 0x0000023d3eb24800 nmethod 6577 0x0000023d283de010 code [0x0000023d283de1e0, 0x0000023d283de4d8]
Event: 43.121 Thread 0x0000023d3eb24800 6578       3       jdk.internal.org.objectweb.asm.MethodWriter::endFrame (53 bytes)
Event: 43.122 Thread 0x0000023d3eb24800 nmethod 6578 0x0000023d283de610 code [0x0000023d283de800, 0x0000023d283decc8]

GC Heap History (16 events):
Event: 3.464 GC heap before
{Heap before GC invocations=0 (full 0):
 garbage-first heap   total 260096K, used 29696K [0x0000000080000000, 0x0000000100000000)
  region size 1024K, 24 young (24576K), 0 survivors (0K)
 Metaspace       used 9729K, capacity 9892K, committed 10112K, reserved 1058816K
  class space    used 992K, capacity 1069K, committed 1152K, reserved 1048576K
}
Event: 3.480 GC heap after
{Heap after GC invocations=1 (full 0):
 garbage-first heap   total 260096K, used 9052K [0x0000000080000000, 0x0000000100000000)
  region size 1024K, 3 young (3072K), 3 survivors (3072K)
 Metaspace       used 9729K, capacity 9892K, committed 10112K, reserved 1058816K
  class space    used 992K, capacity 1069K, committed 1152K, reserved 1048576K
}
Event: 11.667 GC heap before
{Heap before GC invocations=1 (full 0):
 garbage-first heap   total 260096K, used 115548K [0x0000000080000000, 0x0000000100000000)
  region size 1024K, 108 young (110592K), 3 survivors (3072K)
 Metaspace       used 20763K, capacity 21187K, committed 21296K, reserved 1069056K
  class space    used 2522K, capacity 2685K, committed 2688K, reserved 1048576K
}
Event: 11.703 GC heap after
{Heap after GC invocations=2 (full 0):
 garbage-first heap   total 260096K, used 16922K [0x0000000080000000, 0x0000000100000000)
  region size 1024K, 11 young (11264K), 11 survivors (11264K)
 Metaspace       used 20763K, capacity 21187K, committed 21296K, reserved 1069056K
  class space    used 2522K, capacity 2685K, committed 2688K, reserved 1048576K
}
Event: 12.151 GC heap before
{Heap before GC invocations=3 (full 0):
 garbage-first heap   total 260096K, used 26138K [0x0000000080000000, 0x0000000100000000)
  region size 1024K, 20 young (20480K), 11 survivors (11264K)
 Metaspace       used 22061K, capacity 22552K, committed 22908K, reserved 1069056K
  class space    used 2739K, capacity 2933K, committed 3020K, reserved 1048576K
}
Event: 12.171 GC heap after
{Heap after GC invocations=4 (full 0):
 garbage-first heap   total 260096K, used 17913K [0x0000000080000000, 0x0000000100000000)
  region size 1024K, 1 young (1024K), 1 survivors (1024K)
 Metaspace       used 22061K, capacity 22552K, committed 22908K, reserved 1069056K
  class space    used 2739K, capacity 2933K, committed 3020K, reserved 1048576K
}
Event: 15.558 GC heap before
{Heap before GC invocations=4 (full 0):
 garbage-first heap   total 260096K, used 88569K [0x0000000080000000, 0x0000000100000000)
  region size 1024K, 70 young (71680K), 1 survivors (1024K)
 Metaspace       used 28863K, capacity 29552K, committed 29692K, reserved 1075200K
  class space    used 3802K, capacity 4083K, committed 4172K, reserved 1048576K
}
Event: 15.572 GC heap after
{Heap after GC invocations=5 (full 0):
 garbage-first heap   total 260096K, used 19741K [0x0000000080000000, 0x0000000100000000)
  region size 1024K, 3 young (3072K), 3 survivors (3072K)
 Metaspace       used 28863K, capacity 29552K, committed 29692K, reserved 1075200K
  class space    used 3802K, capacity 4083K, committed 4172K, reserved 1048576K
}
Event: 19.632 GC heap before
{Heap before GC invocations=5 (full 0):
 garbage-first heap   total 260096K, used 57629K [0x0000000080000000, 0x0000000100000000)
  region size 1024K, 41 young (41984K), 3 survivors (3072K)
 Metaspace       used 35157K, capacity 35927K, committed 36048K, reserved 1081344K
  class space    used 4525K, capacity 4825K, committed 4896K, reserved 1048576K
}
Event: 19.675 GC heap after
{Heap after GC invocations=6 (full 0):
 garbage-first heap   total 260096K, used 22221K [0x0000000080000000, 0x0000000100000000)
  region size 1024K, 6 young (6144K), 6 survivors (6144K)
 Metaspace       used 35157K, capacity 35927K, committed 36048K, reserved 1081344K
  class space    used 4525K, capacity 4825K, committed 4896K, reserved 1048576K
}
Event: 26.243 GC heap before
{Heap before GC invocations=7 (full 0):
 garbage-first heap   total 260096K, used 125645K [0x0000000080000000, 0x0000000100000000)
  region size 1024K, 104 young (106496K), 6 survivors (6144K)
 Metaspace       used 44438K, capacity 45452K, committed 45648K, reserved 1089536K
  class space    used 5617K, capacity 6026K, committed 6048K, reserved 1048576K
}
Event: 26.271 GC heap after
{Heap after GC invocations=8 (full 0):
 garbage-first heap   total 260096K, used 28665K [0x0000000080000000, 0x0000000100000000)
  region size 1024K, 12 young (12288K), 12 survivors (12288K)
 Metaspace       used 44438K, capacity 45452K, committed 45648K, reserved 1089536K
  class space    used 5617K, capacity 6026K, committed 6048K, reserved 1048576K
}
Event: 34.004 GC heap before
{Heap before GC invocations=8 (full 0):
 garbage-first heap   total 260096K, used 144377K [0x0000000080000000, 0x0000000100000000)
  region size 1024K, 125 young (128000K), 12 survivors (12288K)
 Metaspace       used 55440K, capacity 56771K, committed 56912K, reserved 1099776K
  class space    used 7030K, capacity 7547K, committed 7584K, reserved 1048576K
}
Event: 34.057 GC heap after
{Heap after GC invocations=9 (full 0):
 garbage-first heap   total 260096K, used 34638K [0x0000000080000000, 0x0000000100000000)
  region size 1024K, 13 young (13312K), 13 survivors (13312K)
 Metaspace       used 55440K, capacity 56771K, committed 56912K, reserved 1099776K
  class space    used 7030K, capacity 7547K, committed 7584K, reserved 1048576K
}
Event: 39.416 GC heap before
{Heap before GC invocations=9 (full 0):
 garbage-first heap   total 260096K, used 114510K [0x0000000080000000, 0x0000000100000000)
  region size 1024K, 84 young (86016K), 13 survivors (13312K)
 Metaspace       used 59004K, capacity 60377K, committed 60496K, reserved 1101824K
  class space    used 7460K, capacity 8006K, committed 8096K, reserved 1048576K
}
Event: 39.500 GC heap after
{Heap after GC invocations=10 (full 0):
 garbage-first heap   total 260096K, used 52190K [0x0000000080000000, 0x0000000100000000)
  region size 1024K, 16 young (16384K), 16 survivors (16384K)
 Metaspace       used 59004K, capacity 60377K, committed 60496K, reserved 1101824K
  class space    used 7460K, capacity 8006K, committed 8096K, reserved 1048576K
}

Deoptimization events (20 events):
Event: 41.041 Thread 0x0000023d3fd65800 Uncommon trap: trap_request=0xffffffbe fr.pc=0x0000023d2ef65ed0 relative=0x0000000000000ab0
Event: 41.041 Thread 0x0000023d3fd65800 Uncommon trap: reason=profile_predicate action=maybe_recompile pc=0x0000023d2ef65ed0 method=java.util.TreeMap.getEntryUsingComparator(Ljava/lang/Object;)Ljava/util/TreeMap$Entry; @ 19 c2
Event: 41.041 Thread 0x0000023d3fd65800 DEOPT PACKING pc=0x0000023d2ef65ed0 sp=0x000000408bef6e90
Event: 41.041 Thread 0x0000023d3fd65800 DEOPT UNPACKING pc=0x0000023d2713a1af sp=0x000000408bef6db0 mode 2
Event: 43.066 Thread 0x0000023d3fd65800 Uncommon trap: trap_request=0xffffffde fr.pc=0x0000023d2ef7c1ac relative=0x000000000000010c
Event: 43.066 Thread 0x0000023d3fd65800 Uncommon trap: reason=class_check action=maybe_recompile pc=0x0000023d2ef7c1ac method=java.lang.reflect.Array.newInstance(Ljava/lang/Class;I)Ljava/lang/Object; @ 2 c2
Event: 43.066 Thread 0x0000023d3fd65800 DEOPT PACKING pc=0x0000023d2ef7c1ac sp=0x000000408bef1f60
Event: 43.066 Thread 0x0000023d3fd65800 DEOPT UNPACKING pc=0x0000023d2713a1af sp=0x000000408bef1ef8 mode 2
Event: 43.068 Thread 0x0000023d3fd65800 Uncommon trap: trap_request=0xffffffde fr.pc=0x0000023d2ef7c1ac relative=0x000000000000010c
Event: 43.068 Thread 0x0000023d3fd65800 Uncommon trap: reason=class_check action=maybe_recompile pc=0x0000023d2ef7c1ac method=java.lang.reflect.Array.newInstance(Ljava/lang/Class;I)Ljava/lang/Object; @ 2 c2
Event: 43.068 Thread 0x0000023d3fd65800 DEOPT PACKING pc=0x0000023d2ef7c1ac sp=0x000000408bef1f60
Event: 43.068 Thread 0x0000023d3fd65800 DEOPT UNPACKING pc=0x0000023d2713a1af sp=0x000000408bef1ef8 mode 2
Event: 43.069 Thread 0x0000023d3fd65800 Uncommon trap: trap_request=0xffffffde fr.pc=0x0000023d2ef7c1ac relative=0x000000000000010c
Event: 43.069 Thread 0x0000023d3fd65800 Uncommon trap: reason=class_check action=maybe_recompile pc=0x0000023d2ef7c1ac method=java.lang.reflect.Array.newInstance(Ljava/lang/Class;I)Ljava/lang/Object; @ 2 c2
Event: 43.069 Thread 0x0000023d3fd65800 DEOPT PACKING pc=0x0000023d2ef7c1ac sp=0x000000408bef1f60
Event: 43.070 Thread 0x0000023d3fd65800 DEOPT UNPACKING pc=0x0000023d2713a1af sp=0x000000408bef1ef8 mode 2
Event: 43.070 Thread 0x0000023d3fd65800 Uncommon trap: trap_request=0xffffffde fr.pc=0x0000023d2ef7c1ac relative=0x000000000000010c
Event: 43.071 Thread 0x0000023d3fd65800 Uncommon trap: reason=class_check action=maybe_recompile pc=0x0000023d2ef7c1ac method=java.lang.reflect.Array.newInstance(Ljava/lang/Class;I)Ljava/lang/Object; @ 2 c2
Event: 43.071 Thread 0x0000023d3fd65800 DEOPT PACKING pc=0x0000023d2ef7c1ac sp=0x000000408bef1f60
Event: 43.071 Thread 0x0000023d3fd65800 DEOPT UNPACKING pc=0x0000023d2713a1af sp=0x000000408bef1ef8 mode 2

Classes redefined (0 events):
No events

Internal exceptions (20 events):
Event: 37.615 Thread 0x0000023d400b1000 Exception <a 'java/lang/NoSuchMethodError'{0x000000008cd9e220}: <clinit>> (0x000000008cd9e220) thrown at [./src/hotspot/share/prims/jni.cpp, line 1366]
Event: 37.618 Thread 0x0000023d400b1000 Exception <a 'java/lang/NoSuchMethodError'{0x000000008cd9f528}: <clinit>> (0x000000008cd9f528) thrown at [./src/hotspot/share/prims/jni.cpp, line 1366]
Event: 37.618 Thread 0x0000023d400b1000 Exception <a 'java/lang/NoSuchMethodError'{0x000000008cda07d0}: <clinit>> (0x000000008cda07d0) thrown at [./src/hotspot/share/prims/jni.cpp, line 1366]
Event: 37.629 Thread 0x0000023d400b1000 Exception <a 'java/lang/NoSuchMethodError'{0x000000008cdb2ac8}: <clinit>> (0x000000008cdb2ac8) thrown at [./src/hotspot/share/prims/jni.cpp, line 1366]
Event: 37.633 Thread 0x0000023d400b1000 Exception <a 'java/lang/NoSuchMethodError'{0x000000008cdbd040}: <clinit>> (0x000000008cdbd040) thrown at [./src/hotspot/share/prims/jni.cpp, line 1366]
Event: 37.688 Thread 0x0000023d400b1000 Exception <a 'java/lang/NoSuchMethodError'{0x000000008cdd0c18}: <clinit>> (0x000000008cdd0c18) thrown at [./src/hotspot/share/prims/jni.cpp, line 1366]
Event: 37.768 Thread 0x0000023d3fd65800 Exception <a 'java/lang/ClassNotFoundException'{0x000000008cc13350}: build_7uqfzsh6c5w36eybwlb10bpnnBeanInfo> (0x000000008cc13350) thrown at [./src/hotspot/share/classfile/systemDictionary.cpp, line 231]
Event: 37.771 Thread 0x0000023d3fd65800 Exception <a 'java/lang/ClassNotFoundException'{0x000000008cc1f3b0}: build_7uqfzsh6c5w36eybwlb10bpnnCustomizer> (0x000000008cc1f3b0) thrown at [./src/hotspot/share/classfile/systemDictionary.cpp, line 231]
Event: 38.128 Thread 0x0000023d3fd65800 Exception <a 'java/lang/ClassNotFoundException'{0x000000008cbdf1a8}: org/gradle/api/internal/plugins/DefaultObjectConfigurationActionBeanInfo> (0x000000008cbdf1a8) thrown at [./src/hotspot/share/classfile/systemDictionary.cpp, line 231]
Event: 38.133 Thread 0x0000023d3fd65800 Exception <a 'java/lang/ClassNotFoundException'{0x000000008ca17048}: org/gradle/api/internal/plugins/DefaultObjectConfigurationActionCustomizer> (0x000000008ca17048) thrown at [./src/hotspot/share/classfile/systemDictionary.cpp, line 231]
Event: 38.874 Thread 0x0000023d3fd65800 Exception <a 'java/lang/NoSuchMethodError'{0x000000008bf60ba0}: 'java.lang.Object java.lang.invoke.DirectMethodHandle$Holder.invokeStatic(java.lang.Object, java.lang.Object, java.lang.Object, java.lang.Object, int)'> (0x000000008bf60ba0) thrown at [./src/hotspot/share/interpreter/linkResolver.cpp, line 773]
Event: 38.876 Thread 0x0000023d3fd65800 Exception <a 'java/lang/NoSuchMethodError'{0x000000008bf65598}: 'java.lang.Object java.lang.invoke.DirectMethodHandle$Holder.invokeSpecial(java.lang.Object, java.lang.Object, java.lang.Object, java.lang.Object, java.lang.Object, int)'> (0x000000008bf65598) thrown at [./src/hotspot/share/interpreter/linkResolver.cpp, line 773]
Event: 38.876 Thread 0x0000023d3fd65800 Exception <a 'java/lang/NoSuchMethodError'{0x000000008bf69bd8}: 'java.lang.Object java.lang.invoke.Invokers$Holder.linkToTargetMethod(java.lang.Object, java.lang.Object, java.lang.Object, int, java.lang.Object)'> (0x000000008bf69bd8) thrown at [./src/hotspot/share/interpreter/linkResolver.cpp, line 773]
Event: 38.941 Thread 0x0000023d3fd65800 Exception <a 'java/lang/NoSuchMethodError'{0x000000008be3f1e8}: 'java.lang.Object java.lang.invoke.Invokers$Holder.linkToTargetMethod(java.lang.Object, int, int, java.lang.Object)'> (0x000000008be3f1e8) thrown at [./src/hotspot/share/interpreter/linkResolver.cpp, line 773]
Event: 38.949 Thread 0x0000023d3fd65800 Exception <a 'java/lang/NoSuchMethodError'{0x000000008be56f58}: 'java.lang.Object java.lang.invoke.DirectMethodHandle$Holder.invokeStatic(java.lang.Object, java.lang.Object, int, int, java.lang.Object, java.lang.Object)'> (0x000000008be56f58) thrown at [./src/hotspot/share/interpreter/linkResolver.cpp, line 773]
Event: 40.097 Thread 0x0000023d3fd65800 Exception <a 'java/lang/NoSuchMethodError'{0x000000008f470fd0}: 'java.lang.Object java.lang.invoke.DirectMethodHandle$Holder.invokeSpecial(java.lang.Object, java.lang.Object, int, int, java.lang.Object, java.lang.Object, java.lang.Object)'> (0x000000008f470fd0) thrown at [./src/hotspot/share/interpreter/linkResolver.cpp, line 773]
Event: 40.098 Thread 0x0000023d3fd65800 Exception <a 'java/lang/NoSuchMethodError'{0x000000008f4757f8}: 'java.lang.Object java.lang.invoke.DelegatingMethodHandle$Holder.reinvoke_L(java.lang.Object, int, int, java.lang.Object, java.lang.Object, java.lang.Object)'> (0x000000008f4757f8) thrown at [./src/hotspot/share/interpreter/linkResolver.cpp, line 773]
Event: 40.918 Thread 0x0000023d3fd65800 Implicit null exception at 0x0000023d2ed6a82b to 0x0000023d2ed6a98e
Event: 41.030 Thread 0x0000023d3fd65800 Exception <a 'java/lang/NoSuchMethodError'{0x000000008e7a28a0}: 'int java.lang.invoke.DirectMethodHandle$Holder.invokeInterface(java.lang.Object, java.lang.Object, java.lang.Object, java.lang.Object)'> (0x000000008e7a28a0) thrown at [./src/hotspot/share/interpreter/linkResolver.cpp, line 773]
Event: 43.018 Thread 0x0000023d3fd65800 Exception <a 'java/lang/IncompatibleClassChangeError'{0x000000008cd4a6b8}: Found class java.lang.Object, but interface was expected> (0x000000008cd4a6b8) thrown at [./src/hotspot/share/interpreter/linkResolver.cpp, line 839]

Events (20 events):
Event: 43.095 loading class com/sun/jmx/mbeanserver/WeakIdentityHashMap
Event: 43.096 loading class com/sun/jmx/mbeanserver/WeakIdentityHashMap done
Event: 43.096 loading class com/sun/jmx/mbeanserver/WeakIdentityHashMap$IdentityWeakReference
Event: 43.096 loading class com/sun/jmx/mbeanserver/WeakIdentityHashMap$IdentityWeakReference done
Event: 43.098 loading class java/lang/management/ThreadInfo
Event: 43.099 loading class java/lang/management/ThreadInfo done
Event: 43.101 loading class java/lang/management/LockInfo
Event: 43.101 loading class java/lang/management/LockInfo done
Event: 43.101 loading class java/lang/management/MonitorInfo
Event: 43.101 loading class java/lang/management/MonitorInfo done
Event: 43.107 loading class com/sun/jmx/mbeanserver/DefaultMXBeanMappingFactory$CompositeMapping
Event: 43.108 loading class com/sun/jmx/mbeanserver/DefaultMXBeanMappingFactory$CompositeMapping done
Event: 43.110 loading class com/sun/jmx/mbeanserver/DefaultMXBeanMappingFactory$ArrayMapping
Event: 43.111 loading class com/sun/jmx/mbeanserver/DefaultMXBeanMappingFactory$ArrayMapping done
Event: 43.112 loading class com/sun/jmx/mbeanserver/DefaultMXBeanMappingFactory$EnumMapping
Event: 43.112 loading class com/sun/jmx/mbeanserver/DefaultMXBeanMappingFactory$EnumMapping done
Event: 43.116 loading class javax/management/MBeanParameterInfo
Event: 43.116 loading class javax/management/MBeanParameterInfo done
Event: 43.117 Executing VM operation: RevokeBias
Event: 43.118 Executing VM operation: RevokeBias done


Dynamic libraries:
0x00007ff7634f0000 - 0x00007ff7634fa000 	C:\Program Files\Android\Android Studio\jre\bin\java.exe
0x00007ff9dcc50000 - 0x00007ff9dce48000 	C:\WINDOWS\SYSTEM32\ntdll.dll
0x00007ff9dbd70000 - 0x00007ff9dbe2d000 	C:\WINDOWS\System32\KERNEL32.DLL
0x00007ff9da8f0000 - 0x00007ff9dabbe000 	C:\WINDOWS\System32\KERNELBASE.dll
0x00007ff9da5c0000 - 0x00007ff9da6c0000 	C:\WINDOWS\System32\ucrtbase.dll
0x00007ff9d5580000 - 0x00007ff9d5599000 	C:\Program Files\Android\Android Studio\jre\bin\jli.dll
0x00007ff9c2a10000 - 0x00007ff9c2a27000 	C:\Program Files\Android\Android Studio\jre\bin\VCRUNTIME140.dll
0x00007ff9dba00000 - 0x00007ff9dbba0000 	C:\WINDOWS\System32\USER32.dll
0x00007ff9c7d40000 - 0x00007ff9c7fda000 	C:\WINDOWS\WinSxS\amd64_microsoft.windows.common-controls_6595b64144ccf1df_6.0.19041.1110_none_60b5254171f9507e\COMCTL32.dll
0x00007ff9dac30000 - 0x00007ff9dac52000 	C:\WINDOWS\System32\win32u.dll
0x00007ff9dc8e0000 - 0x00007ff9dc97e000 	C:\WINDOWS\System32\msvcrt.dll
0x00007ff9dc8b0000 - 0x00007ff9dc8da000 	C:\WINDOWS\System32\GDI32.dll
0x00007ff9da370000 - 0x00007ff9da47b000 	C:\WINDOWS\System32\gdi32full.dll
0x00007ff9da6c0000 - 0x00007ff9da75d000 	C:\WINDOWS\System32\msvcp_win.dll
0x00007ff9db400000 - 0x00007ff9db430000 	C:\WINDOWS\System32\IMM32.DLL
0x00007ff9a2790000 - 0x00007ff9a282d000 	C:\Program Files\Android\Android Studio\jre\bin\msvcp140.dll
0x00007ff97ac80000 - 0x00007ff97b782000 	C:\Program Files\Android\Android Studio\jre\bin\server\jvm.dll
0x00007ff9dcb60000 - 0x00007ff9dcc0e000 	C:\WINDOWS\System32\ADVAPI32.dll
0x00007ff9dbcd0000 - 0x00007ff9dbd6c000 	C:\WINDOWS\System32\sechost.dll
0x00007ff9dc980000 - 0x00007ff9dcaa5000 	C:\WINDOWS\System32\RPCRT4.dll
0x00007ff9dc090000 - 0x00007ff9dc098000 	C:\WINDOWS\System32\PSAPI.DLL
0x00007ff9d4c60000 - 0x00007ff9d4c6a000 	C:\WINDOWS\SYSTEM32\VERSION.dll
0x00007ff9c8190000 - 0x00007ff9c81b7000 	C:\WINDOWS\SYSTEM32\WINMM.dll
0x00007ff9ace50000 - 0x00007ff9ace59000 	C:\WINDOWS\SYSTEM32\WSOCK32.dll
0x00007ff9dbed0000 - 0x00007ff9dbf3b000 	C:\WINDOWS\System32\WS2_32.dll
0x00007ff9d8bf0000 - 0x00007ff9d8c02000 	C:\WINDOWS\SYSTEM32\kernel.appcore.dll
0x00007ff9c41b0000 - 0x00007ff9c41c1000 	C:\Program Files\Android\Android Studio\jre\bin\verify.dll
0x00007ff9d7f80000 - 0x00007ff9d8164000 	C:\WINDOWS\SYSTEM32\DBGHELP.DLL
0x00007ff9c0ff0000 - 0x00007ff9c101c000 	C:\WINDOWS\SYSTEM32\dbgcore.DLL
0x00007ff9da530000 - 0x00007ff9da5b2000 	C:\WINDOWS\System32\bcryptPrimitives.dll
0x00007ff9b6f20000 - 0x00007ff9b6f49000 	C:\Program Files\Android\Android Studio\jre\bin\java.dll
0x00007ff9d5560000 - 0x00007ff9d556b000 	C:\Program Files\Android\Android Studio\jre\bin\jimage.dll
0x00007ff9bf7e0000 - 0x00007ff9bf7f8000 	C:\Program Files\Android\Android Studio\jre\bin\zip.dll
0x00007ff9dacb0000 - 0x00007ff9db3f3000 	C:\WINDOWS\System32\SHELL32.dll
0x00007ff9d8440000 - 0x00007ff9d8bd5000 	C:\WINDOWS\SYSTEM32\windows.storage.dll
0x00007ff9db490000 - 0x00007ff9db7e4000 	C:\WINDOWS\System32\combase.dll
0x00007ff9d9dd0000 - 0x00007ff9d9e00000 	C:\WINDOWS\SYSTEM32\Wldp.dll
0x00007ff9dcab0000 - 0x00007ff9dcb5d000 	C:\WINDOWS\System32\SHCORE.dll
0x00007ff9db430000 - 0x00007ff9db485000 	C:\WINDOWS\System32\shlwapi.dll
0x00007ff9da2b0000 - 0x00007ff9da2cf000 	C:\WINDOWS\SYSTEM32\profapi.dll
0x00007ff9bf3a0000 - 0x00007ff9bf3ba000 	C:\Program Files\Android\Android Studio\jre\bin\net.dll
0x00007ff9cd6a0000 - 0x00007ff9cd7aa000 	C:\WINDOWS\SYSTEM32\WINHTTP.dll
0x00007ff9d9b30000 - 0x00007ff9d9b9a000 	C:\WINDOWS\system32\mswsock.dll
0x00007ff9ace30000 - 0x00007ff9ace44000 	C:\Program Files\Android\Android Studio\jre\bin\nio.dll
0x00007ff9a6da0000 - 0x00007ff9a6dc7000 	C:\Users\JAFAR\.gradle\native\e1d6ef7f7dcc3fd88c89a11ec53ec762bb8ba0a96d01ffa2cd45eb1d1d8dd5c5\windows-amd64\native-platform.dll
0x00007ff98e810000 - 0x00007ff98e954000 	C:\Users\JAFAR\.gradle\native\0d407fdbe67a94daf76414ababcb853783967236a71b16ec16e742cd7a986fd3\windows-amd64\native-platform-file-events.dll
0x00007ff9d4510000 - 0x00007ff9d451a000 	C:\Program Files\Android\Android Studio\jre\bin\management.dll
0x00007ff9c47f0000 - 0x00007ff9c47fd000 	C:\Program Files\Android\Android Studio\jre\bin\management_ext.dll
0x00007ff9d9d20000 - 0x00007ff9d9d38000 	C:\WINDOWS\SYSTEM32\CRYPTSP.dll
0x00007ff9d9440000 - 0x00007ff9d9474000 	C:\WINDOWS\system32\rsaenh.dll
0x00007ff9da760000 - 0x00007ff9da787000 	C:\WINDOWS\System32\bcrypt.dll
0x00007ff9da230000 - 0x00007ff9da25e000 	C:\WINDOWS\SYSTEM32\USERENV.dll
0x00007ff9d9d40000 - 0x00007ff9d9d4c000 	C:\WINDOWS\SYSTEM32\CRYPTBASE.dll
0x00007ff9d97d0000 - 0x00007ff9d980b000 	C:\WINDOWS\SYSTEM32\IPHLPAPI.DLL
0x00007ff9dc010000 - 0x00007ff9dc018000 	C:\WINDOWS\System32\NSI.dll
0x00007ff9d3510000 - 0x00007ff9d3527000 	C:\WINDOWS\SYSTEM32\dhcpcsvc6.DLL
0x00007ff9d3590000 - 0x00007ff9d35ad000 	C:\WINDOWS\SYSTEM32\dhcpcsvc.DLL
0x00007ff9d9810000 - 0x00007ff9d98da000 	C:\WINDOWS\SYSTEM32\DNSAPI.dll
0x00007ff9c2a30000 - 0x00007ff9c2a57000 	C:\Program Files\Android\Android Studio\jre\bin\sunec.dll
0x00007ff9d3500000 - 0x00007ff9d350a000 	C:\Windows\System32\rasadhlp.dll
0x00007ff9c49c0000 - 0x00007ff9c4a40000 	C:\WINDOWS\System32\fwpuclnt.dll

dbghelp: loaded successfully - version: 4.0.5 - missing functions: none
symbol engine: initialized successfully - sym options: 0x614 - pdb path: .;C:\Program Files\Android\Android Studio\jre\bin;C:\WINDOWS\SYSTEM32;C:\WINDOWS\WinSxS\amd64_microsoft.windows.common-controls_6595b64144ccf1df_6.0.19041.1110_none_60b5254171f9507e;C:\Program Files\Android\Android Studio\jre\bin\server;C:\Users\JAFAR\.gradle\native\e1d6ef7f7dcc3fd88c89a11ec53ec762bb8ba0a96d01ffa2cd45eb1d1d8dd5c5\windows-amd64;C:\Users\JAFAR\.gradle\native\0d407fdbe67a94daf76414ababcb853783967236a71b16ec16e742cd7a986fd3\windows-amd64

VM Arguments:
jvm_args: --add-opens=java.base/java.util=ALL-UNNAMED --add-opens=java.base/java.lang=ALL-UNNAMED --add-opens=java.base/java.lang.invoke=ALL-UNNAMED --add-opens=java.base/java.util=ALL-UNNAMED --add-opens=java.prefs/java.util.prefs=ALL-UNNAMED --add-opens=java.prefs/java.util.prefs=ALL-UNNAMED --add-opens=java.base/java.nio.charset=ALL-UNNAMED --add-opens=java.base/java.net=ALL-UNNAMED --add-opens=java.base/java.util.concurrent.atomic=ALL-UNNAMED -Xmx2048m -Dfile.encoding=UTF-8 -Duser.country=US -Duser.language=en -Duser.variant 
java_command: org.gradle.launcher.daemon.bootstrap.GradleDaemon 7.5.1
java_class_path (initial): C:\Users\JAFAR\.gradle\wrapper\dists\gradle-7.5.1-bin\7jzzequgds1hbszbhq3npc5ng\gradle-7.5.1\lib\gradle-launcher-7.5.1.jar
Launcher Type: SUN_STANDARD

[Global flags]
     intx CICompilerCount                          = 4                                         {product} {ergonomic}
     uint ConcGCThreads                            = 2                                         {product} {ergonomic}
     uint G1ConcRefinementThreads                  = 8                                         {product} {ergonomic}
   size_t G1HeapRegionSize                         = 1048576                                   {product} {ergonomic}
    uintx GCDrainStackTargetSize                   = 64                                        {product} {ergonomic}
   size_t InitialHeapSize                          = 266338304                                 {product} {ergonomic}
   size_t MarkStackSize                            = 4194304                                   {product} {ergonomic}
   size_t MaxHeapSize                              = 2147483648                                {product} {command line}
   size_t MaxNewSize                               = 1287651328                                {product} {ergonomic}
   size_t MinHeapDeltaBytes                        = 1048576                                   {product} {ergonomic}
    uintx NonNMethodCodeHeapSize                   = 5836300                                {pd product} {ergonomic}
    uintx NonProfiledCodeHeapSize                  = 122910970                              {pd product} {ergonomic}
    uintx ProfiledCodeHeapSize                     = 122910970                              {pd product} {ergonomic}
    uintx ReservedCodeCacheSize                    = 251658240                              {pd product} {ergonomic}
     bool SegmentedCodeCache                       = true                                      {product} {ergonomic}
     bool UseCompressedClassPointers               = true                                 {lp64_product} {ergonomic}
     bool UseCompressedOops                        = true                                 {lp64_product} {ergonomic}
     bool UseG1GC                                  = true                                      {product} {ergonomic}
     bool UseLargePagesIndividualAllocation        = false                                  {pd product} {ergonomic}

Logging:
Log output configuration:
 #0: stdout all=warning uptime,level,tags
 #1: stderr all=off uptime,level,tags

Environment Variables:
JAVA_HOME=C:\Program Files\Zulu\zulu-8
CLASSPATH=C:\Program Files\NetBeans-11.3\netbeans\java\modules\ext\mysql-connector-java-8.0.20-bin.jar
PATH=C:\Program Files\Zulu\zulu-8\bin\;C:\Program Files\Common Files\Oracle\Java\javapath;C:\Windows\system32;C:\Windows;C:\Windows\System32\Wbem;C:\Windows\System32\WindowsPowerShell\v1.0\;C:\Windows\System32\OpenSSH\;C:\Program Files (x86)\NVIDIA Corporation\PhysX\Common;C:\Program Files\NVIDIA Corporation\NVIDIA NvDLISR;C:\WINDOWS\system32;C:\WINDOWS;C:\WINDOWS\System32\Wbem;C:\WINDOWS\System32\WindowsPowerShell\v1.0\;C:\WINDOWS\System32\OpenSSH\;D:\xampp\php;C:\composer;C:\Program Files\Git\cmd;C:\Program Files\gradle-6.6\bin;C:\Users\JAFAR\AppData\Local\Programs\Python\Python39\Scripts\;C:\Users\JAFAR\AppData\Local\Programs\Python\Python39\;C:\Users\JAFAR\AppData\Local\Programs\Python\Launcher\;C:\Program Files\Java\jdk-13.0.2\bin;C:\Users\JAFAR\AppData\Local\Microsoft\WindowsApps;;C:\Users\JAFAR\AppData\Local\Programs\Microsoft VS Code\bin;C:\Users\JAFAR\AppData\Roaming\Composer\vendor\bin
USERNAME=JAFAR
OS=Windows_NT
PROCESSOR_IDENTIFIER=Intel64 Family 6 Model 142 Stepping 11, GenuineIntel



---------------  S Y S T E M  ---------------

OS: Windows 10 , 64 bit Build 19041 (10.0.19041.1889)
OS uptime: 2 days 3:09 hours

CPU:total 8 (initial active 8) (4 cores per cpu, 2 threads per core) family 6 model 142 stepping 11 microcode 0xb8, cmov, cx8, fxsr, mmx, sse, sse2, sse3, ssse3, sse4.1, sse4.2, popcnt, avx, avx2, aes, clmul, erms, 3dnowpref, lzcnt, ht, tsc, tscinvbit, bmi1, bmi2, adx, fma

Memory: 4k page, system-wide physical 16230M (4389M free)
TotalPageFile size 38428M (AvailPageFile size 6M)
current process WorkingSet (physical memory assigned to process): 373M, peak: 373M
current process commit charge ("private bytes"): 501M, peak: 502M

vm_info: OpenJDK 64-Bit Server VM (11.0.13+0-b1751.21-8125866) for windows-amd64 JRE (11.0.13+0-b1751.21-8125866), built on Feb  2 2022 03:00:22 by "builder" with MS VC++ 14.0 (VS2015)

END.
